<14>Apr 08 09:15:30 LAB-ACCOU12 MSWinEventLog	1	Security	10012	Mon Apr 08 09:15:30 2024	4783	Microsoft-Windows-Security-Auditing	N/A	N/A	Success Audit	LAB-ACCOU12	Application Group Management		A basic application group was created.    Subject:    Security ID:  DOMAIN\admin Account Name:  admin Account Domain:  DOMAIN Logon ID:  0x30999    Group:    Security ID:  DOMAIN\$K21000-R2HC42Q10MLQ Account Name:  $K21000-R2HC42Q10MLQ Account Domain:  DOMAIN    Attributes:    SAM Account Name: $K21000-R2HC42Q10MLQ SID History:  -    Additional Information:    Privileges:  -	1
<14>Apr 08 09:15:33 LAB-ACCOU13 MSWinEventLog	1	Security	10013	Mon Apr 08 09:15:33 2024	4784	Microsoft-Windows-Security-Auditing	N/A	N/A	Success Audit	LAB-ACCOU13	Application Group Management		A basic application group was changed.    Subject:    Security ID:  DOMAIN\admin Account Name:  admin Account Domain:  DOMAIN Logon ID:  0x30999    Group:    Security ID:  DOMAIN\$K21000-R2HC42Q10MLQ Account Name:  $K21000-R2HC42Q10MLQ Account Domain:  DOMAIN    Attributes:    SAM Account Name: - SID History:  -    Additional Information:    Privileges:  -	1
<14>Apr 08 09:15:36 LAB-ACCOU16 MSWinEventLog	1	Security	10016	Mon Apr 08 09:15:36 2024	4786	Microsoft-Windows-Security-Auditing	N/A	N/A	Failure Audit	LAB-ACCOU16	Application Group Management		A member was removed from a basic application group.    Subject:    Security ID:  DOMAIN\admin Account Name:  admin Account Domain:  DOMAIN Logon ID:  0x30999    Member:    Security ID:  DOMAIN\user003 Account Name:  CN=User004,OU=TestOU,DC=domain,DC=com    Group:    Security ID:  DOMAIN\$K21000-R2HC42Q10MLQ Group Name:  $K21000-R2HC42Q10MLQ Group Domain:  DOMAIN    Additional Information:    Privileges:  -	1
<14>Apr 08 09:15:39 LAB-ACCOU17 MSWinEventLog	1	Security	10017	Mon Apr 08 09:15:39 2024	4787	Microsoft-Windows-Security-Auditing	N/A	N/A	Success Audit	LAB-ACCOU17	Application Group Management		A non-member was added to a basic application group.    Subject:    Security ID:  %6 Account Name:  %7 Account Domain:  %8 Logon ID:  %9    Member:    Security ID:  %2 Account Name:  %1    Group:    Security ID:  %5 Account Name:  %3 Account Domain:  %4    Additional Information:    Privileges:  %10    A non-member is an account that is explicitly excluded from membership in a basic application group.  Even if the account is specified as a member of the application group, either explicitly or through nested group membership, the account will not be treated as a group member if it is listed as a non-member.	1
<14>Apr 08 09:15:42 LAB-ACCOU18 MSWinEventLog	1	Security	10018	Mon Apr 08 09:15:42 2024	4788	Microsoft-Windows-Security-Auditing	N/A	N/A	Failure Audit	LAB-ACCOU18	Application Group Management		A non-member was removed from a basic application group.    Subject:    Security ID:  %6 Account Name:  %7 Account Domain:  %8 Logon ID:  %9    Member:    Security ID:  %2 Account Name:  %1    Group:    Security ID:  %5 Account Name:  %3 Account Domain:  %4    Additional Information:    Privileges:  %10    A non-member is an account that is explicitly excluded from membership in a basic application group.  Even if the account is specified as a member of the application group, either explicitly or through nested group membership, the account will not be treated as a group member if it is listed as a non-member.	1
<14>Apr 08 09:15:45 LAB-ACCOU19 MSWinEventLog	1	Security	10019	Mon Apr 08 09:15:45 2024	4789	Microsoft-Windows-Security-Auditing	N/A	N/A	Failure Audit	LAB-ACCOU19	Application Group Management		A basic application group was deleted.    Subject:    Security ID:  DOMAIN\admin Account Name:  admin Account Domain:  DOMAIN Logon ID:  0x30999    Group:    Security ID:  DOMAIN\$K21000-R2HC42Q10MLQ Account Name:  $K21000-R2HC42Q10MLQ Account Domain:  DOMAIN    Additional Information:    Privileges:  -	1
<14>Apr 08 09:15:48 LAB-ACCOU20 MSWinEventLog	1	Security	10020	Mon Apr 08 09:15:48 2024	4790	Microsoft-Windows-Security-Auditing	N/A	N/A	Success Audit	LAB-ACCOU20	Application Group Management		An LDAP query group was created.    Subject:    Security ID:  DOMAIN\admin Account Name:  admin Account Domain:  DOMAIN Logon ID:  0x30999    Group:    Security ID:  DOMAIN\$M21000-VN43V7OM36S1 Account Name:  $M21000-VN43V7OM36S1 Account Domain:  DOMAIN    Attributes:    SAM Account Name: $M21000-VN43V7OM36S1 SID History:  -    Additional Information:    Privileges:  -	1
<14>Apr 08 09:15:51 LAB-ACCOU21 MSWinEventLog	1	Security	10021	Mon Apr 08 09:15:51 2024	4791	Microsoft-Windows-Security-Auditing	N/A	N/A	Success Audit	LAB-ACCOU21	Application Group Management		A basic application group was changed.    Subject:    Security ID:  DOMAIN\admin Account Name:  admin Account Domain:  DOMAIN Logon ID:  0x30999    Group:    Security ID:  DOMAIN\$M21000-VN43V7OM36S1 Account Name:  $M21000-VN43V7OM36S1 Account Domain:  DOMAIN    Attributes:    SAM Account Name: - SID History:  -    Additional Information:    Privileges:  -	1
<14>Apr 08 09:15:54 LAB-ACCOU22 MSWinEventLog	1	Security	10022	Mon Apr 08 09:15:54 2024	4792	Microsoft-Windows-Security-Auditing	N/A	N/A	Failure Audit	LAB-ACCOU22	Application Group Management		An LDAP query group was deleted.    Subject:    Security ID:  DOMAIN\admin Account Name:  admin Account Domain:  DOMAIN Logon ID:  0x30999    Group:    Security ID:  DOMAIN\$M21000-VN43V7OM36S1 Account Name:  $M21000-VN43V7OM36S1 Account Domain:  DOMAIN    Additional Information:    Privileges:  -	1
<14>Apr 08 09:15:57 LAB-ACCOU23 MSWinEventLog	1	Security	10023	Mon Apr 08 09:15:57 2024	4741	Microsoft-Windows-Security-Auditing	N/A	N/A	Success Audit	LAB-ACCOU23	Computer Account Management		A computer account was created.    Subject:    Security ID:  DOMAIN\Administrator Account Name:  Administrator Account Domain:  DOMAIN Logon ID:  0x27a79    New Computer Account:    Security ID:  S-1-5-21-1234567890-1234567890-1234567890-1109 Account Name:  WORKSTATION-001$ Account Domain:  DOMAIN    Attributes:    SAM Account Name: WORKSTATION-001$ Display Name:  - User Principal Name: - Home Directory:  - Home Drive:  - Script Path:  - Profile Path:  - User Workstations: - Password Last Set: <never> Account Expires:  <never> Primary Group ID: 515 AllowedToDelegateTo: - Old UAC Value:  0x0 New UAC Value:  0x85 User Account Control: Account Disabled 'Password Not Required' - Enabled 'Workstation Trust Account' - Enabled User Parameters: - SID History:  - Logon Hours:  <value not set> DNS Host Name:  - Service Principal Names: -    Additional Information:    Privileges  -	1
<14>Apr 08 09:16:00 LAB-ACCOU24 MSWinEventLog	1	Security	10024	Mon Apr 08 09:16:00 2024	4742	Microsoft-Windows-Security-Auditing	N/A	N/A	Success Audit	LAB-ACCOU24	Computer Account Management		A computer account was changed. Subject:    Security ID:  DOMAIN\Administrator Account Name:  Administrator Account Domain:  DOMAIN Logon ID:  0x27a79    Computer Account That Was Changed:    Security ID:  S-1-5-21-1234567890-1234567890-1234567890-1109 Account Name:  WORKSTATION-001$ Account Domain:  DOMAIN    Changed Attributes:    SAM Account Name: - Display Name:  - User Principal Name: - Home Directory:  - Home Drive:  - Script Path:  - Profile Path:  - User Workstations: - Password Last Set: - Account Expires:  - Primary Group ID: - AllowedToDelegateTo: - Old UAC Value:  0x85 New UAC Value:  0x84 User Account Control: Account Enabled User Parameters: - SID History:  - Logon Hours:  - DNS Host Name:  - Service Principal Names: -    Additional Information:    Privileges:  -	1
<14>Apr 08 09:16:03 LAB-ACCOU25 MSWinEventLog	1	Security	10025	Mon Apr 08 09:16:03 2024	4743	Microsoft-Windows-Security-Auditing	N/A	N/A	Failure Audit	LAB-ACCOU25	Computer Account Management		A computer account was deleted.    Subject:    Security ID:  DOMAIN\Administrator Account Name:  Administrator Account Domain:  DOMAIN Logon ID:  0x27a79    Target Computer:    Security ID:  S-1-5-21-1234567890-1234567890-1234567890-1109 Account Name:  WORKSTATION-001$ Account Domain:  DOMAIN    Additional Information:    Privileges:  -	1
<14>Apr 08 09:16:06 LAB-ACCOU26 MSWinEventLog	1	Security	10026	Mon Apr 08 09:16:06 2024	4744	Microsoft-Windows-Security-Auditing	N/A	N/A	Success Audit	LAB-ACCOU26	Distribution Group Management		A security-disabled local group was created.    Subject:    Security ID:  HOST-001\Administrator Account Name:  Administrator Account Domain:  HOST-001 Logon ID:  0x1fd23    New Group:    Security ID:  S-1-5-21-1234567890-1234567890-1234567890-1001 Group Name:  SalesReps Group Domain:  HOST-001    Attributes:    SAM Account Name: SalesReps SID History:  -    Additional Information:    Privileges:  -	1
<14>Apr 08 09:16:09 LAB-ACCOU27 MSWinEventLog	1	Security	10027	Mon Apr 08 09:16:09 2024	4745	Microsoft-Windows-Security-Auditing	N/A	N/A	Success Audit	LAB-ACCOU27	Distribution Group Management		A security-disabled local group was changed. Subject:    Security ID:  HOST-001\Administrator Account Name:  Administrator Account Domain:  HOST-001 Logon ID:  0x1fd23    Group:    Security ID:  HOST-001\Human Resources Group Name:  Human Resources Group Domain:  HOST-001    Changed Attributes:    SAM Account Name: - SID History:  -    Additional Information:    Privileges:  -	1
<14>Apr 08 09:16:12 LAB-ACCOU30 MSWinEventLog	1	Security	10030	Mon Apr 08 09:16:12 2024	4747	Microsoft-Windows-Security-Auditing	N/A	N/A	Success Audit	LAB-ACCOU30	Distribution Group Management		A member was added to a security-disabled local group.    Subject:    Security ID:  HOST-001\Administrator Account Name:  Administrator Account Domain:  HOST-001 Logon ID:  0x1fd23    Member:    Security ID:  HOST-001\user003 Account Name:  -    Group:    Security ID:  BUILTIN\Users Group Name:  Users Group Domain:  Builtin    Additional Information:    Privileges:  -	1
<14>Apr 08 09:16:15 LAB-ACCOU31 MSWinEventLog	1	Security	10031	Mon Apr 08 09:16:15 2024	4748	Microsoft-Windows-Security-Auditing	N/A	N/A	Failure Audit	LAB-ACCOU31	Distribution Group Management		A security-disabled local group was deleted.    Subject:    Security ID:  HOST-001\Administrator Account Name:  Administrator Account Domain:  HOST-001 Logon ID:  0x1fd23    Group:    Security ID:  S-1-5-21-1234567890-1234567890-1234567890-1001 Group Name:  SalesReps Group Domain:  HOST-001    Additional Information:    Privileges:  -	1
<14>Apr 08 09:16:18 LAB-ACCOU32 MSWinEventLog	1	Security	10032	Mon Apr 08 09:16:18 2024	4749	Microsoft-Windows-Security-Auditing	N/A	N/A	Success Audit	LAB-ACCOU32	Distribution Group Management		A security-disabled global group was created.    Subject:    Security ID:  DOMAIN\Administrator Account Name:  Administrator Account Domain:  DOMAIN Logon ID:  0x27a79    New Group:    Security ID:  S-1-5-21-1234567890-1234567890-1234567890-1108 Group Name:  Historical Figures Group Domain:  DOMAIN    Attributes:    SAM Account Name: Historical Figures SID History:  -    Additional Information:    Privileges:  -	1
<14>Apr 08 09:16:21 LAB-ACCOU33 MSWinEventLog	1	Security	10033	Mon Apr 08 09:16:21 2024	4750	Microsoft-Windows-Security-Auditing	N/A	N/A	Success Audit	LAB-ACCOU33	Distribution Group Management		A security-disabled global group was changed.    Subject:    Security ID:  DOMAIN-FR\admin Account Name:  admin Account Domain:  DOMAIN-FR Logon ID:  0x20f9d    Group:    Security ID:  DOMAIN-FR\TheOthers Group Name:  TheOthers Group Domain:  DOMAIN-FR    Changed Attributes:    SAM Account Name: - SID History:  -    Additional Information:    Privileges:  -	1
<14>Apr 08 09:16:24 LAB-ACCOU36 MSWinEventLog	1	Security	10036	Mon Apr 08 09:16:24 2024	4752	Microsoft-Windows-Security-Auditing	N/A	N/A	Failure Audit	LAB-ACCOU36	Distribution Group Management		A member was removed from a security-disabled global group.    Subject:    Security ID:  DOMAIN\Administrator Account Name:  Administrator Account Domain:  DOMAIN Logon ID:  0x27a79    Member:    Security ID:  DOMAIN\user005 Account Name:  cn=User005,CN=Users,DC=domain,DC=local    Group:    Security ID:  S-1-5-21-1234567890-1234567890-1234567890-1108 Group Name:  Historical Figures Group Domain:  DOMAIN    Additional Information:    Privileges:  -	1
<14>Apr 08 09:16:27 LAB-ACCOU37 MSWinEventLog	1	Security	10037	Mon Apr 08 09:16:27 2024	4753	Microsoft-Windows-Security-Auditing	N/A	N/A	Failure Audit	LAB-ACCOU37	Distribution Group Management		A security-disabled global group was deleted.    Subject:    Security ID:  DOMAIN\Administrator Account Name:  Administrator Account Domain:  DOMAIN Logon ID:  0x27a79    Deleted Group:    Security ID:  S-1-5-21-1234567890-1234567890-1234567890-1108 Group Name:  Historical Figures Group Domain:  DOMAIN    Additional Information:    Privileges:  -	1
<14>Apr 08 09:16:30 LAB-ACCOU38 MSWinEventLog	1	Security	10038	Mon Apr 08 09:16:30 2024	4759	Microsoft-Windows-Security-Auditing	N/A	N/A	Success Audit	LAB-ACCOU38	Distribution Group Management		A security-disabled universal group was created.    Subject:    Security ID:  DOMAIN\Administrator Account Name:  Administrator Account Domain:  DOMAIN Logon ID:  0x27a79    New Group:    Security ID:  S-1-5-21-1234567890-1234567890-1234567890-1108 Group Name:  Historical Figures Group Domain:  DOMAIN    Attributes:    SAM Account Name: Historical Figures SID History:  -    Additional Information:    Privileges:  -	1
<14>Apr 08 09:16:33 LAB-ACCOU39 MSWinEventLog	1	Security	10039	Mon Apr 08 09:16:33 2024	4760	Microsoft-Windows-Security-Auditing	N/A	N/A	Success Audit	LAB-ACCOU39	Distribution Group Management		A security-disabled universal group was changed.    Subject:    Security ID:  DOMAIN-FR\admin Account Name:  admin Account Domain:  DOMAIN-FR Logon ID:  0x20f9d    Group:    Security ID:  DOMAIN-FR\TheOthers Group Name:  TheOthers Group Domain:  DOMAIN-FR    Changed Attributes:    SAM Account Name: - SID History:  -    Additional Information:    Privileges:  -	1
<14>Apr 08 09:16:36 LAB-ACCOU42 MSWinEventLog	1	Security	10042	Mon Apr 08 09:16:36 2024	4762	Microsoft-Windows-Security-Auditing	N/A	N/A	Failure Audit	LAB-ACCOU42	Distribution Group Management		A member was removed from a security-disabled universal group.    Subject:    Security ID:  DOMAIN\Administrator Account Name:  Administrator Account Domain:  DOMAIN Logon ID:  0x27a79    Member:    Security ID:  DOMAIN\user005 Account Name:  cn=User005,CN=Users,DC=domain,DC=local    Group:    Security ID:  S-1-5-21-1234567890-1234567890-1234567890-1108 Group Name:  Historical Figures Group Domain:  DOMAIN    Additional Information:    Privileges:  -	1
<14>Apr 08 09:16:39 LAB-ACCOU43 MSWinEventLog	1	Security	10043	Mon Apr 08 09:16:39 2024	4763	Microsoft-Windows-Security-Auditing	N/A	N/A	Failure Audit	LAB-ACCOU43	Distribution Group Management		A security-disabled universal group was deleted.    Subject:    Security ID:  DOMAIN\Administrator Account Name:  Administrator Account Domain:  DOMAIN Logon ID:  0x27a79    Deleted Group:    Security ID:  S-1-5-21-1234567890-1234567890-1234567890-1108 Group Name:  Historical Figures Group Domain:  DOMAIN    Additional Information:    Privileges:  -	1
<14>Apr 08 09:16:43 LAB-ACCOU44 MSWinEventLog	1	Security	10044	Mon Apr 08 09:16:43 2024	4739	Microsoft-Windows-Security-Auditing	N/A	N/A	Failure Audit	LAB-ACCOU44	Other Account Management Events		Domain Policy was changed.    Change Type:  Lockout Policy modified    Subject:    Security ID:  SYSTEM Account Name:  HOST-001$ Account Domain:  WORKGROUP Logon ID:  0x3e7    Domain:    Domain Name:  HOST-001 Domain ID:  DOMAIN\    Changed Attributes:    Min. Password Age: - Max. Password Age: - Force Logoff:  - Lockout Threshold: 7 Lockout Observation Window: 1800 Lockout Duration: 1800 Password Properties: - Min. Password Length: - Password History Length: - Machine Account Quota: - Mixed Domain Mode: - Domain Behavior Version: - OEM Information: -    Additional Information:    Privileges:  -	1
<14>Apr 08 09:16:44 LAB-ACCOU45 MSWinEventLog	1	Security	10045	Mon Apr 08 09:16:44 2024	4782	Microsoft-Windows-Security-Auditing	N/A	N/A	Success Audit	LAB-ACCOU45	Other Account Management Events		The password hash an account was accessed.    Subject:    Security ID:  %3 Account Name:  %4 Account Domain:  %5 Logon ID:  %6    Target Account:    Account Name:  %1 Account Domain:  %2	1
<14>Apr 08 09:16:45 LAB-ACCOU46 MSWinEventLog	1	Security	10046	Mon Apr 08 09:16:45 2024	4793	Microsoft-Windows-Security-Auditing	N/A	N/A	Success Audit	LAB-ACCOU46	Other Account Management Events		The Password Policy Checking API was called.    Subject:    Security ID:  SYSTEM Account Name:  HOST-001$ Account Domain:  WORKGROUP Logon ID:  0x3e7    Additional Information:    Caller Workstation: HOST-001 Provided Account Name (unauthenticated): - Status Code: 0x0	1
<14>Apr 08 09:16:46 LAB-ACCOU47 MSWinEventLog	1	Security	10047	Mon Apr 08 09:16:46 2024	4727	Microsoft-Windows-Security-Auditing	N/A	N/A	Success Audit	LAB-ACCOU47	Security Group Management		A security-enabled global group was created.    Subject:    Security ID:  DOMAIN\Administrator Account Name:  Administrator Account Domain:  DOMAIN Logon ID:  0x27a79    New Group:    Security ID:  S-1-5-21-1234567890-1234567890-1234567890-1108 Group Name:  Historical Figures Group Domain:  DOMAIN    Attributes:    SAM Account Name: Historical Figures SID History:  -    Additional Information:    Privileges:  -	1
<14>Apr 08 09:16:50 LAB-ACCOU51 MSWinEventLog	1	Security	10051	Mon Apr 08 09:16:50 2024	4729	Microsoft-Windows-Security-Auditing	N/A	N/A	Failure Audit	LAB-ACCOU51	Security Group Management		A member was removed from a security-enabled global group.    Subject:    Security ID:  DOMAIN\Administrator Account Name:  Administrator Account Domain:  DOMAIN Logon ID:  0x27a79    Member:    Security ID:  DOMAIN\user005 Account Name:  CN=User005,CN=Users,DC=domain,DC=local    Group:    Security ID:  S-1-5-21-1234567890-1234567890-1234567890-1108 Group Name:  Historical Figures Group Domain:  DOMAIN    Additional Information:    Privileges:  -	1
<14>Apr 08 09:16:51 LAB-ACCOU52 MSWinEventLog	1	Security	10052	Mon Apr 08 09:16:51 2024	4730	Microsoft-Windows-Security-Auditing	N/A	N/A	Failure Audit	LAB-ACCOU52	Security Group Management		A security-enabled global group was deleted.    Subject:    Security ID:  DOMAIN\Administrator Account Name:  Administrator Account Domain:  DOMAIN Logon ID:  0x27a79    Deleted Group:    Security ID:  S-1-5-21-1234567890-1234567890-1234567890-1108 Group Name:  Historical Figures Group Domain:  DOMAIN    Additional Information:    Privileges:  -	1
<14>Apr 08 09:16:52 LAB-ACCOU53 MSWinEventLog	1	Security	10053	Mon Apr 08 09:16:52 2024	4731	Microsoft-Windows-Security-Auditing	N/A	N/A	Success Audit	LAB-ACCOU53	Security Group Management		A security-enabled local group was created.    Subject:    Security ID:  HOST-001\Administrator Account Name:  Administrator Account Domain:  HOST-001 Logon ID:  0x1fd23    New Group:    Security ID:  S-1-5-21-1234567890-1234567890-1234567890-1001 Group Name:  SalesReps Group Domain:  HOST-001    Attributes:    SAM Account Name: SalesReps SID History:  -    Additional Information:    Privileges:  -	1
<14>Apr 08 09:16:55 LAB-ACCOU56 MSWinEventLog	1	Security	10056	Mon Apr 08 09:16:55 2024	4733	Microsoft-Windows-Security-Auditing	N/A	N/A	Failure Audit	LAB-ACCOU56	Security Group Management		A member was removed from a security-enabled local group.    Subject:    Security ID:  HOST-001\Administrator Account Name:  Administrator Account Domain:  HOST-001 Logon ID:  0x1fd23    Member:    Security ID:  HOST-001\user003 Account Name:  -    Group:    Security ID:  BUILTIN\Users Group Name:  Users Group Domain:  Builtin    Additional Information:    Privileges:  -	1
<14>Apr 08 09:16:56 LAB-ACCOU57 MSWinEventLog	1	Security	10057	Mon Apr 08 09:16:56 2024	4734	Microsoft-Windows-Security-Auditing	N/A	N/A	Failure Audit	LAB-ACCOU57	Security Group Management		A security-enabled local group was deleted.    Subject:    Security ID:  HOST-001\Administrator Account Name:  Administrator Account Domain:  HOST-001 Logon ID:  0x1fd23    Group:    Security ID:  S-1-5-21-1234567890-1234567890-1234567890-1001 Group Name:  SalesReps Group Domain:  HOST-001    Additional Information:    Privileges:  -	1
<14>Apr 08 09:16:57 LAB-ACCOU58 MSWinEventLog	1	Security	10058	Mon Apr 08 09:16:57 2024	4735	Microsoft-Windows-Security-Auditing	N/A	N/A	Success Audit	LAB-ACCOU58	Security Group Management		A security-enabled local group was changed.    Subject:    Security ID:  HOST-001\Administrator Account Name:  Administrator Account Domain:  HOST-001 Logon ID:  0x1fd23    Group:    Security ID:  HOST-001\Human Resources Group Name:  Human Resources Group Domain:  HOST-001    Changed Attributes:    SAM Account Name: - SID History:  -    Additional Information:    Privileges:  -	1
<14>Apr 08 09:16:58 LAB-ACCOU59 MSWinEventLog	1	Security	10059	Mon Apr 08 09:16:58 2024	4737	Microsoft-Windows-Security-Auditing	N/A	N/A	Success Audit	LAB-ACCOU59	Security Group Management		A security-enabled global group was changed.    Subject:    Security ID:  DOMAIN\Administrator Account Name:  Administrator Account Domain:  DOMAIN Logon ID:  0x27a79    Group:    Security ID:  S-1-5-21-1234567890-1234567890-1234567890-1108 Group Name:  Historical Figures Group Domain:  DOMAIN    Changed Attributes:    SAM Account Name: - SID History:  -    Additional Information:    Privileges:  -	1
<14>Apr 08 09:16:59 LAB-ACCOU60 MSWinEventLog	1	Security	10060	Mon Apr 08 09:16:59 2024	4754	Microsoft-Windows-Security-Auditing	N/A	N/A	Success Audit	LAB-ACCOU60	Security Group Management		A security-enabled universal group was created.    Subject:    Security ID:  DOMAIN\Administrator Account Name:  Administrator Account Domain:  DOMAIN Logon ID:  0x27a79    New Group:    Security ID:  S-1-5-21-1234567890-1234567890-1234567890-1108 Group Name:  Historical Figures Group Domain:  DOMAIN    Attributes:    SAM Account Name: Historical Figures SID History:  -    Additional Information:    Privileges:  -	1
<14>Apr 08 09:16:00 LAB-ACCOU61 MSWinEventLog	1	Security	10061	Mon Apr 08 09:16:00 2024	4755	Microsoft-Windows-Security-Auditing	N/A	N/A	Success Audit	LAB-ACCOU61	Security Group Management		A security-enabled universal group was changed.    Subject:    Security ID: %4 Account Name: %5 Account Domain: %6 Logon ID: %7    Group:    Security ID: %3 Group Name: %1 Group Domain: %2    Changed Attributes:    SAM Account Name: %9 SID History: %10    Additional Information:    Privileges: %8	1
<14>Apr 08 09:16:03 LAB-ACCOU64 MSWinEventLog	1	Security	10064	Mon Apr 08 09:16:03 2024	4757	Microsoft-Windows-Security-Auditing	N/A	N/A	Failure Audit	LAB-ACCOU64	Security Group Management		A member was removed from a security-enabled universal group.    Subject:    Security ID: %6 Account Name: %7 Account Domain: %8 Logon ID: %9    Member:    Security ID: %2 Account Name: %1    Group:    Security ID: %5 Group Name: %3 Group Domain: %4    Additional Information:    Privileges: %10	1
<14>Apr 08 09:16:04 LAB-ACCOU65 MSWinEventLog	1	Security	10065	Mon Apr 08 09:16:04 2024	4758	Microsoft-Windows-Security-Auditing	N/A	N/A	Failure Audit	LAB-ACCOU65	Security Group Management		A security-enabled universal group was deleted.    Subject:    Security ID: DOMAIN\Administrator Account Name: Administrator Account Domain: DOMAIN Logon ID: 0x27a79    Deleted Group:    Security ID: S-1-5-21-1234567890-1234567890-1234567890-1108 Group Name: Historical Figures Group Domain: DOMAIN    Additional Information:    Privileges: - :	1
<14>Apr 08 09:16:05 LAB-ACCOU66 MSWinEventLog	1	Security	10066	Mon Apr 08 09:16:05 2024	4764	Microsoft-Windows-Security-Auditing	N/A	N/A	Success Audit	LAB-ACCOU66	Security Group Management		A group’s type was changed.    Subject:    Security ID:  DOMAIN\admin Account Name:  admin Account Domain:  DOMAIN Logon ID:  0x30999    Change Type:   Security Enabled Global Group Changed to Security Enabled Universal Group.    Group:    Security ID:  DOMAIN\Dharma Institute Employees Group Name:  Dharma Institute Employees Group Domain:  DOMAIN    Additional Information:    Privileges:  -	1
<14>Apr 08 09:16:06 LAB-ACCOU67 MSWinEventLog	1	Security	10067	Mon Apr 08 09:16:06 2024	4799	Microsoft-Windows-Security-Auditing	N/A	N/A	Success Audit	LAB-ACCOU67	Security Group Management		A security-enabled local group membership was enumerated. Subject: Security ID:		AzureAD\RandyFranklinSmith Account Name:		RandyFranklinSmith Account Domain:		AzureAD Logon ID:		0x7A1EA User: Security ID:		DESKTOP-TMO9MI9\Users Group Name:		Users Group Domain:		DESKTOP-TMO9MI9 Process Information: Process ID:		0x106c Process Name:		C:\Windows\System32\mmc.exe	1
<14>Apr 08 09:16:07 LAB-ACCOU68 MSWinEventLog	1	Security	10068	Mon Apr 08 09:16:07 2024	4720	Microsoft-Windows-Security-Auditing	N/A	N/A	Success Audit	LAB-ACCOU68	User Account Management		A user account was created.    Subject:    Security ID:  DOMAIN-FR\admin Account Name:  admin Account Domain:  DOMAIN-FR Logon ID:  0x20f9d    New Account:    Security ID:  DOMAIN-FR\John.Locke Account Name:  John.Locke Account Domain:  DOMAIN-FR    Attributes:    SAM Account Name: John.Locke Display Name:  John Locke User Principal Name: John.Locke@domain-fr.local Home Directory:  - Home Drive:  - Script Path:  - Profile Path:  - User Workstations: - Password Last Set: <never> Account Expires:  <never> Primary Group ID: 513 Allowed To Delegate To: - Old UAC Value:  0x0 New UAC Value:  0x15 User Account Control: Account Disabled 'Password Not Required' - Enabled 'Normal Account' - Enabled User Parameters: - SID History:  - Logon Hours:  <value not set>    Additional Information:    Privileges  -	1
<14>Apr 08 09:16:08 LAB-ACCOU69 MSWinEventLog	1	Security	10069	Mon Apr 08 09:16:08 2024	4722	Microsoft-Windows-Security-Auditing	N/A	N/A	Success Audit	LAB-ACCOU69	User Account Management		A user account was enabled.    Subject:    Security ID:  DOMAIN-FR\admin Account Name:  admin Account Domain:  DOMAIN-FR Logon ID:  0x20f9d    Target Account:    Security ID:  DOMAIN-FR\John.Locke Account Name:  John.Locke Account Domain:  DOMAIN-FR	1
<14>Apr 08 09:16:09 LAB-ACCOU70 MSWinEventLog	1	Security	10070	Mon Apr 08 09:16:09 2024	4723	Microsoft-Windows-Security-Auditing	N/A	N/A	Success Audit	LAB-ACCOU70	User Account Management		An attempt was made to change an account's password.    Subject:    Security ID:  HOST-001\Administrator Account Name:  Administrator Account Domain:  HOST-001 Logon ID:  0x1fd23    Target Account:    Security ID:  HOST-001\Administrator Account Name:  Administrator Account Domain:  HOST-001    Additional Information:    Privileges  -	1
<14>Apr 08 09:16:10 LAB-ACCOU71 MSWinEventLog	1	Security	10071	Mon Apr 08 09:16:10 2024	4724	Microsoft-Windows-Security-Auditing	N/A	N/A	Success Audit	LAB-ACCOU71	User Account Management		An attempt was made to reset an account's password.    Subject:    Security ID:  HOST-001\Administrator Account Name:  Administrator Account Domain:  HOST-001 Logon ID:  0x1fd23    Target Account:    Security ID:  HOST-001\user003 Account Name:  user003 Account Domain:  HOST-001	1
<14>Apr 08 09:16:11 LAB-ACCOU72 MSWinEventLog	1	Security	10072	Mon Apr 08 09:16:11 2024	4725	Microsoft-Windows-Security-Auditing	N/A	N/A	Failure Audit	LAB-ACCOU72	User Account Management		A user account was disabled.    Subject:    Security ID:  HOST-001\Administrator Account Name:  Administrator Account Domain:  HOST-001 Logon ID:  0x1fd23    Target Account:    Security ID:  HOST-001\user003 Account Name:  user003 Account Domain:  HOST-001	1
<14>Apr 08 09:16:12 LAB-ACCOU73 MSWinEventLog	1	Security	10073	Mon Apr 08 09:16:12 2024	4726	Microsoft-Windows-Security-Auditing	N/A	N/A	Failure Audit	LAB-ACCOU73	User Account Management		A user account was deleted.    Subject:    Security ID:  HOST-001\Administrator Account Name:  Administrator Account Domain:  HOST-001 Logon ID:  0x1fd23    Target Account:    Security ID:  HOST-001\user003 Account Name:  user003 Account Domain:  HOST-001    Additional Information:    Privileges -	1
<14>Apr 08 09:16:13 LAB-ACCOU74 MSWinEventLog	1	Security	10074	Mon Apr 08 09:16:13 2024	4738	Microsoft-Windows-Security-Auditing	N/A	N/A	Success Audit	LAB-ACCOU74	User Account Management		A user account was changed.    Subject:    Security ID:  DOMAIN-FR\admin Account Name:  admin Account Domain:  DOMAIN-FR Logon ID:  0x20f9d    Target Account:    Security ID:  DOMAIN-FR\John.Locke Account Name:  John.Locke Account Domain:  DOMAIN-FR    Changed Attributes:    SAM Account Name: - Display Name:  - User Principal Name: - Home Directory:  - Home Drive:  - Script Path:  - Profile Path:  - User Workstations: - Password Last Set: - Account Expires:  - Primary Group ID: - AllowedToDelegateTo: - Old UAC Value:  0x10 New UAC Value:  0x4010 User Account Control: 'Not Delegated' - Enabled User Parameters: - SID History:  - Logon Hours:  -    Additional Information:    Privileges:  -	1
<14>Apr 08 09:16:14 LAB-ACCOU75 MSWinEventLog	1	Security	10075	Mon Apr 08 09:16:14 2024	4740	Microsoft-Windows-Security-Auditing	N/A	N/A	Success Audit	LAB-ACCOU75	User Account Management		A user account was locked out.    Subject:    Security ID:  SYSTEM Account Name:  HOST-001$ Account Domain:  WORKGROUP Logon ID:  0x3e7    Account That Was Locked Out:    Security ID:  HOST-001\John Account Name:  John    Additional Information:    Caller Computer Name: HOST-001	1
<14>Apr 08 09:16:15 LAB-ACCOU76 MSWinEventLog	1	Security	10076	Mon Apr 08 09:16:15 2024	4765	Microsoft-Windows-Security-Auditing	N/A	N/A	Success Audit	LAB-ACCOU76	User Account Management		SID History was added to an account.    Subject:    Security ID:  %6 Account Name:  %7 Account Domain:  %8 Logon ID:  %9    Target Account:    Security ID:  %5 Account Name:  %3 Account Domain:  %4    Source Account:    Security ID:  %2 Account Name:  %1    Additional Information:    Privileges:  %10 SID List:   %11	1
<14>Apr 08 09:16:16 LAB-ACCOU77 MSWinEventLog	1	Security	10077	Mon Apr 08 09:16:16 2024	4766	Microsoft-Windows-Security-Auditing	N/A	N/A	Failure Audit	LAB-ACCOU77	User Account Management		An attempt to add SID History to an account failed.    Subject:    Security ID: Account Name:  %5 Account Domain:  %6 Logon ID:  %7    Target Account:    Security ID:  %4 Account Name:  %2 Account Domain:  %3 Source Account Account Name:  %1    Additional Information:    Privileges:	1
<14>Apr 08 09:16:17 LAB-ACCOU78 MSWinEventLog	1	Security	10078	Mon Apr 08 09:16:17 2024	4767	Microsoft-Windows-Security-Auditing	N/A	N/A	Success Audit	LAB-ACCOU78	User Account Management		A user account was unlocked.    Subject:    Security ID:  HOST-001\Administrator Account Name:  Administrator Account Domain:  HOST-001 Logon ID:  0x192a4    Target Account:    Security ID:  HOST-001\John Account Name:  John Account Domain:  HOST-001	1
<14>Apr 08 09:16:18 LAB-ACCOU79 MSWinEventLog	1	Security	10079	Mon Apr 08 09:16:18 2024	4780	Microsoft-Windows-Security-Auditing	N/A	N/A	Success Audit	LAB-ACCOU79	User Account Management		The ACL was set on accounts which are members of admins groups.    Subject:    Security ID:  ANONYMOUS LOGON Account Name:  ANONYMOUS LOGON Account Domain:  NT AUTHORITY Logon ID:  0x3e6    Target Account:    Security ID:  DOMAIN\Domain Admins Account Name:  Domain Admins Account Domain:  DC=domain,DC=local    Additional Information:    Privileges:  -    Every hour, the Windows domain controller that holds the primary domain controller (PDC) Flexible Single Master Operation (FSMO) role compares the ACL on all security principal accounts (users, groups, and machine accounts) present for its domain in Active Directory and that are in administrative groups against the ACL on the AdminSDHolder object.  If the ACL on the principal account differs from the ACL on the AdminSDHolder object, then the ACL on the principal account is reset to match the ACL on the AdminSDHolder object and this event is generated	1
<14>Apr 08 09:16:19 LAB-ACCOU80 MSWinEventLog	1	Security	10080	Mon Apr 08 09:16:19 2024	4781	Microsoft-Windows-Security-Auditing	N/A	N/A	Success Audit	LAB-ACCOU80	User Account Management		The name of an account was changed:    Subject:    Security ID:  DOMAIN\Administrator Account Name:  Administrator Account Domain:  DOMAIN Logon ID:  0x1f40f    Target Account:    Security ID:  DOMAIN\emp-nbonaparte Account Domain:  DOMAIN Old Account Name: nbonaparte New Account Name: emp-nbonaparte    Additional Information:    Privileges:  -	1
<14>Apr 08 09:16:20 LAB-ACCOU81 MSWinEventLog	1	Security	10081	Mon Apr 08 09:16:20 2024	4794	Microsoft-Windows-Security-Auditing	N/A	N/A	Success Audit	LAB-ACCOU81	User Account Management		An attempt was made to set the Directory Services Restore Mode admin password.    Subject:    Security ID:  DOMAIN\admin Account Name:  admin Account Domain:  DOMAIN Logon ID:  0x21a95    Additional Information:    Caller Workstation: HOST-001 Status Code: 0x0	1
<14>Apr 08 09:16:21 LAB-ACCOU82 MSWinEventLog	1	Security	10082	Mon Apr 08 09:16:21 2024	4797	Microsoft-Windows-Security-Auditing	N/A	N/A	Success Audit	LAB-ACCOU82	User Account Management		An attempt was made to query the existence of a blank password for an account. Subject: Security ID:    %1 Account Name:   %2 Account Domain: %3 Logon ID:       %4 Additional Information: Caller Workstation:    %5 Target Account Name:   %6 Target Account Domain: %7	1
<14>Apr 08 09:16:22 LAB-ACCOU83 MSWinEventLog	1	Security	10083	Mon Apr 08 09:16:22 2024	4798	Microsoft-Windows-Security-Auditing	N/A	N/A	Success Audit	LAB-ACCOU83	User Account Management		A user's local group membership was enumerated. Subject: Security ID:		AzureAD\RandyFranklinSmith Account Name:		RandyFranklinSmith Account Domain:		AzureAD Logon ID:		0x7A1EA User: Security ID:		DESKTOP-TMO9MI9\Administrator Account Name:		Administrator Account Domain:		DESKTOP-TMO9MI9 Process Information: Process ID:		0x106c Process Name:		C:\Windows\System32\mmc.exe	1
<14>Apr 08 09:16:47 LAB-ACCOU48 MSWinEventLog	1	Security	10048	Mon Apr 08 09:16:47 2024	4728	Microsoft-Windows-Security-Auditing	N/A	N/A	Success Audit	LAB-ACCOU48	Security Group Management		An account was successfully logged on.    A member was added to a security-enabled global group.    Subject:    Security ID:  DOMAIN\admin Account Name:  admin Account Domain:  DOMAIN Logon ID:  0x27a79    Member:    Security ID:  DOMAIN\user005 Account Name:  cn=User005,CN=Users,DC=domain,DC=local    Group:    Security ID:  S-1-5-21-1234567890-1234567890-1234567890-1108 Group Name:  Historical Figures Group Domain:  DOMAIN    Additional Information:    Privileges:  -    Expiration time:	1
<14>Apr 08 09:16:13 LAB-ACCOU14 MSWinEventLog	1	Security	10014	Mon Apr 08 09:16:13 2024	4785	Microsoft-Windows-Security-Auditing	N/A	N/A	Success Audit	LAB-ACCOU14	Application Group Management		A member was added to a basic application group.    Subject:    Security ID:  DOMAIN\admin Account Name:  admin Account Domain:  DOMAIN Logon ID:  0x30999    Member:    Security ID:  DOMAIN\user003 Account Name:  CN=User004,OU=TestOU,DC=domain,DC=com    Group:    Security ID:  DOMAIN\TESTGROUP-001 Group Name:  TESTGROUP-001 Group Domain:  DOMAIN    Additional Information:    Privileges:  -	1
<14>Apr 08 09:16:27 LAB-ACCOU28 MSWinEventLog	1	Security	10028	Mon Apr 08 09:16:27 2024	4746	Microsoft-Windows-Security-Auditing	N/A	N/A	Success Audit	LAB-ACCOU28	Distribution Group Management		A member was added to a security-disabled local group.    Subject:    Security ID:  HOST-001\admin Account Name:  admin Account Domain:  HOST-001 Logon ID:  0x1fd23    Member:    Security ID:  HOST-001\user003 Account Name:  -    Group:    Security ID:  BUILTIN\Users Group Name:  Users Group Domain:  Builtin    Additional Information:    Privileges:  -	1
<14>Apr 08 09:16:33 LAB-ACCOU34 MSWinEventLog	1	Security	10034	Mon Apr 08 09:16:33 2024	4751	Microsoft-Windows-Security-Auditing	N/A	N/A	Success Audit	LAB-ACCOU34	Distribution Group Management		A member was added to a security-disabled global group.    Subject:    Security ID:  DOMAIN\admin Account Name:  admin Account Domain:  DOMAIN Logon ID:  0x27a79    Member:    Security ID:  DOMAIN\user005 Account Name:  cn=User005,CN=Users,DC=domain,DC=local    Group:    Security ID:  S-1-5-21-1234567890-1234567890-1234567890-1108 Group Name:  Historical Figures Group Domain:  DOMAIN    Additional Information:    Privileges:  -	1
<14>Apr 08 09:16:39 LAB-ACCOU40 MSWinEventLog	1	Security	10040	Mon Apr 08 09:16:39 2024	4761	Microsoft-Windows-Security-Auditing	N/A	N/A	Success Audit	LAB-ACCOU40	Distribution Group Management		A member was added to a security-disabled universal group.    Subject:    Security ID:  DOMAIN\admin Account Name:  admin Account Domain:  DOMAIN Logon ID:  0x27a79    Member:    Security ID:  DOMAIN\user005 Account Name:  cn=User005,CN=Users,DC=domain,DC=local    Group:    Security ID:  S-1-5-21-1234567890-1234567890-1234567890-1108 Group Name:  Historical Figures Group Domain:  DOMAIN    Additional Information:    Privileges:  -	1
<14>Apr 08 09:16:48 LAB-ACCOU49 MSWinEventLog	1	Security	10049	Mon Apr 08 09:16:48 2024	4728	Microsoft-Windows-Security-Auditing	N/A	N/A	Success Audit	LAB-ACCOU49	Security Group Management		An account was successfully logged on.    A member was added to a security-enabled global group.    Subject:    Security ID:  DOMAIN\admin Account Name:  admin Account Domain:  DOMAIN Logon ID:  0x27a79    Member:    Security ID:  DOMAIN\user005 Account Name:  cn=User005,CN=Users,DC=domain,DC=local    Group:    Security ID:  S-1-5-21-1234567890-1234567890-1234567890-1108 Group Name:  Historical Figures Group Domain:  DOMAIN    Additional Information:    Privileges:  -	1
<14>Apr 08 09:16:53 LAB-ACCOU54 MSWinEventLog	1	Security	10054	Mon Apr 08 09:16:53 2024	4732	Microsoft-Windows-Security-Auditing	N/A	N/A	Success Audit	LAB-ACCOU54	Security Group Management		A member was added to a security-enabled local group.    Subject:    Security ID:  HOST-001\admin Account Name:  admin Account Domain:  HOST-001 Logon ID:  0x1fd23    Member:    Security ID:  HOST-001\user003 Account Name:  -    Group:    Security ID:  BUILTIN\Users Group Name:  Users Group Domain:  Builtin    Additional Information:    Privileges:  -	1
<14>Apr 08 09:16:01 LAB-ACCOU62 MSWinEventLog	1	Security	10062	Mon Apr 08 09:16:01 2024	4756	Microsoft-Windows-Security-Auditing	N/A	N/A	Success Audit	LAB-ACCOU62	Security Group Management		A member was added to a security-enabled universal group.    Subject:    Security ID: DOMAIN\admin Account Name: admin Account Domain: DOMAIN Logon ID: 0x27a79    Member:    Security ID: DOMAIN\user005 Account Name: cn=User005,CN=Users,DC=domain,DC=local    Group:    Security ID: S-1-5-21-1234567890-1234567890-1234567890-1108 Group Name: Historical Figures Group Domain: DOMAIN    Additional Information:    Privileges: - :	1
<14>Apr 08 09:16:14 LAB-ACCOU15 MSWinEventLog	1	Security	10015	Mon Apr 08 09:16:14 2024	4785	Microsoft-Windows-Security-Auditing	N/A	N/A	Success Audit	LAB-ACCOU15	Application Group Management		A member was added to a basic application group.    Subject:    Security ID:  DOMAIN\admin Account Name:  admin Account Domain:  DOMAIN Logon ID:  0x30999    Member:    Security ID:  DOMAIN\user003 Account Name:  CN=User004,OU=TestOU,DC=domain,DC=com    Group:    Security ID:  DOMAIN\TESTGROUP-001 Group Name:  TESTGROUP-001 Group Domain:  DOMAIN    Additional Information:    Privileges:  -    Expiration time:  -	1
<14>Apr 08 09:16:28 LAB-ACCOU29 MSWinEventLog	1	Security	10029	Mon Apr 08 09:16:28 2024	4746	Microsoft-Windows-Security-Auditing	N/A	N/A	Success Audit	LAB-ACCOU29	Distribution Group Management		A member was added to a security-disabled local group.    Subject:    Security ID:  HOST-001\admin Account Name:  admin Account Domain:  HOST-001 Logon ID:  0x1fd23    Member:    Security ID:  HOST-001\user003 Account Name:  -    Group:    Security ID:  BUILTIN\Users Group Name:  Users Group Domain:  Builtin    Additional Information:    Privileges:  -    Expiration time:  -	1
<14>Apr 08 09:16:34 LAB-ACCOU35 MSWinEventLog	1	Security	10035	Mon Apr 08 09:16:34 2024	4751	Microsoft-Windows-Security-Auditing	N/A	N/A	Success Audit	LAB-ACCOU35	Distribution Group Management		A member was added to a security-disabled global group.    Subject:    Security ID:  DOMAIN\admin Account Name:  admin Account Domain:  DOMAIN Logon ID:  0x27a79    Member:    Security ID:  DOMAIN\user005 Account Name:  cn=User005,CN=Users,DC=domain,DC=local    Group:    Security ID:  S-1-5-21-1234567890-1234567890-1234567890-1108 Group Name:  Historical Figures Group Domain:  DOMAIN    Additional Information:    Privileges:  -    Expiration time:  -	1
<14>Apr 08 09:16:40 LAB-ACCOU41 MSWinEventLog	1	Security	10041	Mon Apr 08 09:16:40 2024	4761	Microsoft-Windows-Security-Auditing	N/A	N/A	Success Audit	LAB-ACCOU41	Distribution Group Management		A member was added to a security-disabled universal group.    Subject:    Security ID:  DOMAIN\admin Account Name:  admin Account Domain:  DOMAIN Logon ID:  0x27a79    Member:    Security ID:  DOMAIN\user005 Account Name:  cn=User005,CN=Users,DC=domain,DC=local    Group:    Security ID:  S-1-5-21-1234567890-1234567890-1234567890-1108 Group Name:  Historical Figures Group Domain:  DOMAIN    Additional Information:    Privileges:  -    Expiration time:  -	1
<14>Apr 08 09:16:49 LAB-ACCOU50 MSWinEventLog	1	Security	10050	Mon Apr 08 09:16:49 2024	4728	Microsoft-Windows-Security-Auditing	N/A	N/A	Success Audit	LAB-ACCOU50	Security Group Management		An account was successfully logged on.    A member was added to a security-enabled global group.    Subject:    Security ID:  DOMAIN\admin Account Name:  admin Account Domain:  DOMAIN Logon ID:  0x27a79    Member:    Security ID:  DOMAIN\user005 Account Name:  cn=User005,CN=Users,DC=domain,DC=local    Group:    Security ID:  S-1-5-21-1234567890-1234567890-1234567890-1108 Group Name:  Historical Figures Group Domain:  DOMAIN    Additional Information:    Privileges:  -    Expiration time:	1
<14>Apr 08 09:16:54 LAB-ACCOU55 MSWinEventLog	1	Security	10055	Mon Apr 08 09:16:54 2024	4732	Microsoft-Windows-Security-Auditing	N/A	N/A	Success Audit	LAB-ACCOU55	Security Group Management		A member was added to a security-enabled local group.    Subject:    Security ID:  HOST-001\admin Account Name:  admin Account Domain:  HOST-001 Logon ID:  0x1fd23    Member:    Security ID:  HOST-001\user003 Account Name:  -    Group:    Security ID:  BUILTIN\Users Group Name:  Users Group Domain:  Builtin    Additional Information:    Privileges:  -    Expiration time:  -	1
<14>Apr 08 09:16:02 LAB-ACCOU63 MSWinEventLog	1	Security	10063	Mon Apr 08 09:16:02 2024	4756	Microsoft-Windows-Security-Auditing	N/A	N/A	Success Audit	LAB-ACCOU63	Security Group Management		A member was added to a security-enabled universal group.    Subject:    Security ID: DOMAIN\admin Account Name: admin Account Domain: DOMAIN Logon ID: 0x27a79    Member:    Security ID: DOMAIN\user005 Account Name: cn=User005,CN=Users,DC=domain,DC=local    Group:    Security ID: S-1-5-21-1234567890-1234567890-1234567890-1108 Group Name: Historical Figures Group Domain: DOMAIN    Additional Information:    Privileges: - :    Expiration time:	1
<14>Apr 08 09:16:23 LAB-ACCOU84 MSWinEventLog	1	Security	10084	Mon Apr 08 09:16:23 2024	5376	Microsoft-Windows-Security-Auditing	N/A	N/A	Success Audit	LAB-ACCOU84	User Account Management		Credential Manager credentials were backed up.    Subject:    Security ID:  HOST-001\admin Account Name:  admin Account Domain:  HOST-001 Logon ID:  0x1ba0e    This event occurs when a user backs up their own Credential Manager credentials. A user (even an admin) cannot back up the credentials of an account other than his own.	1
<14>Apr 08 09:16:25 LAB-ACCOU86 MSWinEventLog	1	Security	10086	Mon Apr 08 09:16:25 2024	5377	Microsoft-Windows-Security-Auditing	N/A	N/A	Success Audit	LAB-ACCOU86	User Account Management		Credential Manager credentials were restored from a backup.    Subject:    Security ID:  HOST-001\admin Account Name:  admin Account Domain:  HOST-001 Logon ID:  0x1ba0e    This event occurs when a user restores his Credential Manager credentials from a backup. A user (even an admin) cannot restore the credentials of an account other than his own.	1
<14>Apr 08 09:16:24 LAB-ACCOU85 MSWinEventLog	1	Security	10085	Mon Apr 08 09:16:24 2024	5376	Microsoft-Windows-Security-Auditing	N/A	N/A	Success Audit	LAB-ACCOU85	User Account Management		Credential Manager credentials were backed up.    Subject:    Security ID:  HOST-001\admin Account Name:  admin Account Domain:  HOST-001 Logon ID:  0x1ba0e BackupFileName: backup001    This event occurs when a user backs up their own Credential Manager credentials. A user (even an admin) cannot back up the credentials of an account other than his own.	1
<14>Apr 08 09:16:26 LAB-ACCOU87 MSWinEventLog	1	Security	10087	Mon Apr 08 09:16:26 2024	5377	Microsoft-Windows-Security-Auditing	N/A	N/A	Success Audit	LAB-ACCOU87	User Account Management		Credential Manager credentials were restored from a backup.    Subject:    Security ID:  HOST-001\admin Account Name:  admin Account Domain:  HOST-001 Logon ID:  0x1ba0e BackupFileName: backup001    This event occurs when a user restores his Credential Manager credentials from a backup. A user (even an admin) cannot restore the credentials of an account other than his own.	1
