<14>Jun 10 11:30:45 LAB-LOGON105 MSWinEventLog	1	Security	10105	Mon Jun 10 11:30:45 2024	4627	Microsoft-Windows-Security-Auditing	N/A	N/A	Success Audit	LAB-LOGON105	Group Membership		Group membership information. Subject: Security ID: CLOUDDOMAIN\User009 Account Name: User009 Account Domain: CLOUDDOMAIN Logon ID: 0x7A202 Logon Type: 2 New Logon:    Security ID: HOST-004\admin Account Name: admin Account Domain: HOST-004 Logon ID: 0x1D80AF1 Event in sequence: 1 of 1 Group Membership: HOST-004\None Everyone NT AUTHORITY\Local account and member of admins   group BUILTIN\admins BUILTIN\Users NT AUTHORITY\INTERACTIVE CONSOLE LOGON NT AUTHORITY\Authenticated Users NT AUTHORITY\This Organization NT AUTHORITY\Authenticated Users3 LOCAL NT AUTHORITY\NTLM Authentication Mandatory Label\High Mandatory Level	1
<14>Jun 10 11:30:48 LAB-LOGON106 MSWinEventLog	1	Security	10106	Mon Jun 10 11:30:48 2024	4978	Microsoft-Windows-Security-Auditing	N/A	N/A	Failure Audit	LAB-LOGON106	IPsec Extended Mode		During Extended Mode negotiation, IPsec received an invalid negotiation packet. If this problem persists, it could indicate a network issue or an attempt to modify or replay this negotiation.    Local Network Address: %1 Remote Network Address: %2	1
<14>Jun 10 11:30:51 LAB-LOGON107 MSWinEventLog	1	Security	10107	Mon Jun 10 11:30:51 2024	4650	Microsoft-Windows-Security-Auditing	N/A	N/A	Success Audit	LAB-LOGON107	IPsec Main Mode		An IPsec Main Mode security association was established. Extended Mode was not enabled.  Certificate authentication was not used. Local Endpoint: Principal Name:  jsmith@srv1.dmn Network Address: 10.40.1.123 Keying Module Port: 500 Remote Endpoint: Principal Name:  DMN/SRV2$ Network Address: 10.40.1.101 Keying Module Port: 500 Security Association Information: Lifetime (minutes): 480 Quick Mode Limit:   0 Main Mode SA ID: 9 Cryptographic Information: Cipher Algorithm: 3DES Integrity Algorithm:   SHA1 Diffie-Hellman Group:  DH group 2 Additional Information: Keying Module Name:    IKEv1 Authentication Method: Kerberos Role: Responder Impersonation State:   Not enabled Main Mode Filter ID:   71695	1
<14>Jun 10 11:30:54 LAB-LOGON108 MSWinEventLog	1	Security	10108	Mon Jun 10 11:30:54 2024	4651	Microsoft-Windows-Security-Auditing	N/A	N/A	Success Audit	LAB-LOGON108	IPsec Main Mode		An IPsec Main Mode security association was established. Extended Mode was not enabled.  A certificate was used for authentication.    Local Endpoint: Principal Name: %1 Network Address: %9 Keying Module Port: %10 Local Certificate: SHA Thumbprint: %2 Issuing CA:  %3 Root CA:  %4 Remote Endpoint: Principal Name: %5 Network Address: %11 Keying Module Port: %12 Remote Certificate: SHA thumbprint:  %6 Issuing CA:  %7 Root CA:  %8 Cryptographic Information: Cipher Algorithm: %15 Integrity Algorithm: %16 Diffie-Hellman Group: %17 Security Association Information: Lifetime (minutes): %18 Quick Mode Limit: %19 Main Mode SA ID: %23 Additional Information: Keying Module Name: %13 Authentication Method: %14 Role: %20 Impersonation State: %21 Main Mode Filter ID: %22	1
<14>Jun 10 11:30:57 LAB-LOGON109 MSWinEventLog	1	Security	10109	Mon Jun 10 11:30:57 2024	4652	Microsoft-Windows-Security-Auditing	N/A	N/A	Failure Audit	LAB-LOGON109	IPsec Main Mode		An IPsec Main Mode negotiation failed. Local Endpoint: Principal Name:  %1 Network Address: %9 Keying Module Port: %10 Local Certificate: SHA Thumbprint: %2 Issuing CA:  %3 Root CA:  %4 Remote Endpoint: Principal Name:  %5 Network Address: %11 Keying Module Port: %12 Remote Certificate: SHA thumbprint:  %6 Issuing CA:  %7 Root CA:  %8 Additional Information: Keying Module Name: %13 Authentication Method: %16 Role:   %18 Impersonation State: %19 Main Mode Filter ID: %20 Failure Information: Failure Point:  %14 Failure Reason:  %15 State:   %17 Initiator Cookie:  %21 Responder Cookie: %22	1
<14>Apr 08 09:16:49 LAB-LOGON110 MSWinEventLog	1	Security	10110	Mon Apr 08 09:16:49 2024	4653	Microsoft-Windows-Security-Auditing	N/A	N/A	Failure Audit	LAB-LOGON110	IPsec Main Mode		An IPsec Main Mode negotiation failed.    Local Endpoint: Local Principal Name: %1 Network Address: %3 Keying Module Port: %4 Remote Endpoint: Principal Name:  %2 Network Address: %5 Keying Module Port: %6 Additional Information: Keying Module Name: %7 Authentication Method: %10 Role:   %12 Impersonation State: %13 Main Mode Filter ID: %14 Failure Information: Failure Point:  %8 Failure Reason:  %9 State:   %11 Initiator Cookie:  %15 Responder Cookie: %16	1
<14>Apr 08 09:16:50 LAB-LOGON111 MSWinEventLog	1	Security	10111	Mon Apr 08 09:16:50 2024	4655	Microsoft-Windows-Security-Auditing	N/A	N/A	Success Audit	LAB-LOGON111	IPsec Main Mode		An IPsec Main Mode security association ended. Local Network Address:  10.40.1.123 Remote Network Address: 10.40.1.101 Keying Module Name:     IKEv1 Main Mode SA ID:  88	1
<14>Apr 08 09:16:51 LAB-LOGON112 MSWinEventLog	1	Security	10112	Mon Apr 08 09:16:51 2024	4976	Microsoft-Windows-Security-Auditing	N/A	N/A	Failure Audit	LAB-LOGON112	IPsec Main Mode		During Main Mode negotiation, IPsec received an invalid negotiation packet. If this problem persists, it could indicate a network issue or an attempt to modify or replay this negotiation.    Local Network Address: %1 Remote Network Address: %2 Keying Module Name: %3	1
<14>Apr 08 09:16:52 LAB-LOGON113 MSWinEventLog	1	Security	10113	Mon Apr 08 09:16:52 2024	4979	Microsoft-Windows-Security-Auditing	N/A	N/A	Success Audit	LAB-LOGON113	IPsec Main Mode		IPsec Main Mode and Extended Mode security associations were established.    Main Mode Local Endpoint:    Principal Name:  %1	1
<14>Apr 08 09:16:53 LAB-LOGON114 MSWinEventLog	1	Security	10114	Mon Apr 08 09:16:53 2024	4980	Microsoft-Windows-Security-Auditing	N/A	N/A	Success Audit	LAB-LOGON114	IPsec Main Mode		IPsec Main Mode and Extended Mode security associations were established.    Main Mode Local Endpoint:    Principal Name:  %1 Network Address: %3 Keying Module Port: %4    Main Mode Remote Endpoint:    Principal Name: %2 Network Address: %5 Keying Module Port: %6    Main Mode Cryptographic Information:    Cipher Algorithm: %8 Integrity Algorithm: %9 Diffie-Hellman Group: %10    Main Mode Security Association:    Lifetime (minutes): %11 Quick Mode Limit: %12 Main Mode SA ID: %16    Main Mode Additional Information:    Keying Module Name: AuthIP Authentication Method: %7 Role:   %13 Impersonation State: %14 Main Mode Filter ID: %15    Extended Mode Local Endpoint:    Principal Name: %17 Certificate SHA Thumbprint: %18 Certificate Issuing CA: %19 Certificate Root CA: %20    Extended Mode Remote Endpoint:    Principal Name: %21 Certificate SHA Thumbprint: %22 Certificate Issuing CA: %23 Certificate Root CA: %24    Extended Mode Additional Information:    Authentication Method: SSL Impersonation State: %25 Quick Mode Filter ID: %26	1
<14>Apr 08 09:16:54 LAB-LOGON115 MSWinEventLog	1	Security	10115	Mon Apr 08 09:16:54 2024	4981	Microsoft-Windows-Security-Auditing	N/A	N/A	Success Audit	LAB-LOGON115	IPsec Main Mode		IPsec Main Mode and Extended Mode security associations were established.    Local Endpoint:    Principal Name:  %1 Network Address: %9 Keying Module Port: %10    Local Certificate:    SHA Thumbprint: %2 Issuing CA:  %3 Root CA:  %4    Remote Endpoint:    Principal Name:  %5 Network Address: %11 Keying Module Port: %12    Remote Certificate:    SHA Thumbprint: %6 Issuing CA:  %7 Root CA:  %8    Cryptographic Information:    Cipher Algorithm: %13 Integrity Algorithm: %14 Diffie-Hellman Group: %15    Security Association Information:    Lifetime (minutes): %16 Quick Mode Limit: %17 Main Mode SA ID: %21    Additional Information:    Keying Module Name: AuthIP Authentication Method: SSL Role:   %18 Impersonation State: %19 Main Mode Filter ID: %20    Extended Mode Information:    Local Principal Name: %22 Remote Principal Name: %23 Authentication Method: %24 Impersonation State: %25 Quick Mode Filter ID: %26	1
<14>Apr 08 09:16:55 LAB-LOGON116 MSWinEventLog	1	Security	10116	Mon Apr 08 09:16:55 2024	4982	Microsoft-Windows-Security-Auditing	N/A	N/A	Success Audit	LAB-LOGON116	IPsec Main Mode		IPsec Main Mode and Extended Mode security associations were established.    Local Endpoint:    Principal Name:  %1 Network Address: Keying Module Port: %9    Local Certificate:    SHA Thumbprint: %2 Issuing CA:  %3 Root CA:  %4    Remote Endpoint:    Principal Name:  %5 Network Address: %11 Keying Module Port: %12    Remote Certificate:    SHA Thumbprint: %6 Issuing CA:  %7 Root CA:  %8    Cryptographic Information:    Cipher Algorithm: %12 Integrity Algorithm: %13 Diffie-Hellman Group: %14    Security Association Information:    Lifetime (minutes): %15 Quick Mode Limit: %16 Main Mode SA ID: %20    Additional Information:    Keying Module Name: AuthIP Authentication Method: SSL Role:   %17 Impersonation State: %18 Main Mode Filter ID: %19    Extended Mode Local Endpoint:    Principal Name:  %21 Certificate SHA Thumbprint: %22 Certificate Issuing CA: %23 Certificate Root CA: %24    Extended Mode Remote Endpoint:    Principal Name:  %25 Certificate SHA Thumbprint: %26 Certificate Issuing CA: %27 Certificate Root CA: %28    Extended Mode Additional Information:    Authentication Method: SSL Impersonation State: %29 Quick Mode Filter ID: %30	1
<14>Apr 08 09:16:56 LAB-LOGON117 MSWinEventLog	1	Security	10117	Mon Apr 08 09:16:56 2024	4983	Microsoft-Windows-Security-Auditing	N/A	N/A	Failure Audit	LAB-LOGON117	IPsec Main Mode		An IPsec Extended Mode negotiation failed. The corresponding Main Mode security association has been deleted.    Local Endpoint:    Principal Name:  %1 Network Address: %9 Keying Module Port: %10    Local Certificate:    SHA Thumbprint: %2 Issuing CA:  %3 Root CA:  %4    Remote Endpoint:    Principal Name:  %5 Network Address: %11 Keying Module Port: %12    Remote Certificate:    SHA Thumbprint: %6 Issuing CA:  %7 Root CA:  %8    Additional Information:    Keying Module Name: AuthIP Authentication Method: SSL Role:   %16 Impersonation State: %17 Quick Mode Filter ID: %18    Failure Information:    Failure Point:  %13 Failure Reason:  %14 State:   %15	1
<14>Apr 08 09:16:57 LAB-LOGON118 MSWinEventLog	1	Security	10118	Mon Apr 08 09:16:57 2024	4984	Microsoft-Windows-Security-Auditing	N/A	N/A	Failure Audit	LAB-LOGON118	IPsec Main Mode		An IPsec Extended Mode negotiation failed. The corresponding Main Mode security association has been deleted.    Local Endpoint:    Principal Name:  %1 Network Address: %3 Keying Module Port: %4    Remote Endpoint:    Principal Name:  %2 Network Address: %5 Keying Module Port: %6    Additional Information:    Keying Module Name: AuthIP Authentication Method: %9 Role:   %11 Impersonation State: %12 Quick Mode Filter ID: %13    Failure Information:    Failure Point:  %7 Failure Reason:  %8 State:   %10	1
<14>Apr 08 09:16:58 LAB-LOGON119 MSWinEventLog	1	Security	10119	Mon Apr 08 09:16:58 2024	5453	Microsoft-Windows-Security-Auditing	N/A	N/A	Failure Audit	LAB-LOGON119	IPsec Main Mode		An IPsec negotiation with a remote computer failed because the IKE and AuthIP IPsec Keying Modules (IKEEXT) service is not started.	1
<14>Apr 08 09:16:59 LAB-LOGON120 MSWinEventLog	1	Security	10120	Mon Apr 08 09:16:59 2024	4654	Microsoft-Windows-Security-Auditing	N/A	N/A	Failure Audit	LAB-LOGON120	IPsec Quick Mode		An IPsec Quick Mode negotiation failed.    Local Endpoint: Network Address: %1 Network Address mask: %2 Port:   %3 Tunnel Endpoint:  %4 Remote Endpoint: Network Address: %5 Address Mask:  %6 Port:   %7 Tunnel Endpoint:  %8 Private Address:  %10 Additional Information: Protocol:  %9 Keying Module Name: %11 Mode:   %14 Role:   %16 Quick Mode Filter ID: %18 Main Mode SA ID: %19 Failure Information: State:   %15 Message ID:  %17 Failure Point:  %12 Failure Reason:  %13    Server 2008 R2:    An IPsec quick mode negotiation failed.    Local Endpoint: Network Address: %1 Network Address mask: %2 Port:   %3 Tunnel Endpoint:  %4    Remote Endpoint: Network Address: %5 Address Mask:  %6 Port:   %7 Tunnel Endpoint:  %8 Private Address:  %10    Additional Information: Protocol:  %9 Keying Module Name: %11 Virtual Interface Tunnel ID: %20 Traffic Selector ID: %21 Mode:   %14 Role:   %16 Quick Mode Filter ID: %18 Main Mode SA ID: %19    Failure Information: State:   %15 Message ID:  %17 Failure Point:  %12 Failure Reason:  %13	1
<14>Apr 08 09:16:00 LAB-LOGON121 MSWinEventLog	1	Security	10121	Mon Apr 08 09:16:00 2024	4977	Microsoft-Windows-Security-Auditing	N/A	N/A	Failure Audit	LAB-LOGON121	IPsec Quick Mode		During Quick Mode negotiation, IPsec received an invalid negotiation packet. If this problem persists, it could indicate a network issue or an attempt to modify or replay this negotiation.    Local Network Address:  10.40.1.123 Remote Network Address: 10.40.1.101 Keying Module Name:     IKEv1	1
<14>Apr 08 09:16:01 LAB-LOGON122 MSWinEventLog	1	Security	10122	Mon Apr 08 09:16:01 2024	5451	Microsoft-Windows-Security-Auditing	N/A	N/A	Success Audit	LAB-LOGON122	IPsec Quick Mode		An IPsec Quick Mode security association was established. Local Endpoint: Network Address:           10.40.1.123 Network Address mask:      255.255.255.255 Port:                     			0 Tunnel Endpoint:          		- Remote Endpoint: Network Address:          	10.40.1.112 Network Address Mask:     	255.255.255.255 Port:                     			443 Private Address:          		0.0.0.0 Tunnel Endpoint:           - Protocol:                 		6 Keying Module Name:       	IKEv1 Cryptographic Information: Integrity Algorithm - AH:  - Integrity Algorithm - ESP: SHA1 Encryption Algorithm:      3DES Security Association Information: Lifetime - seconds:        900 Lifetime - data:           100000 Lifetime - packets:        2164876353 Mode:                      Transport Role:                      Initiator Quick Mode Filter ID:      71719 Main Mode SA ID:           103 Quick Mode SA ID:          2511 Additional Information: Inbound SPI:               13682941006 Outbound SPI:              15970807004 Virtual Interface Tunnel ID:       0 Traffic Selector ID:               0	1
<14>Apr 08 09:16:02 LAB-LOGON123 MSWinEventLog	1	Security	10123	Mon Apr 08 09:16:02 2024	5452	Microsoft-Windows-Security-Auditing	N/A	N/A	Success Audit	LAB-LOGON123	IPsec Quick Mode		An IPsec quick mode security association ended. Local Endpoint: Network Address:         10.40.1.123 Network Address mask:    255.255.255.255 Port:                    0 Tunnel Endpoint:         - Remote Endpoint: Network Address:         10.40.1.112 Network Address mask:    255.255.255.255 Port:                    3389 Tunnel Endpoint:         - Additional Information: Protocol:                6 Quick Mode SA ID:        59 Virtual Interface Tunnel ID:    0 Traffic Selector ID:            0	1
<14>Apr 08 09:16:03 LAB-LOGON124 MSWinEventLog	1	Security	10124	Mon Apr 08 09:16:03 2024	4634	Microsoft-Windows-Security-Auditing	N/A	N/A	Success Audit	LAB-LOGON124	Logoff		An account was logged off.    Subject: Security ID:  ANONYMOUS LOGON Account Name:  ANONYMOUS LOGON Account Domain:  NT AUTHORITY Logon ID:  0x149be Logon Type: 3    This event is generated when a logon session is destroyed. It may be positively correlated with a logon event using the Logon ID value. Logon IDs are only unique between reboots on the same computer.	1
<14>Apr 08 09:16:04 LAB-LOGON125 MSWinEventLog	1	Security	10125	Mon Apr 08 09:16:04 2024	4647	Microsoft-Windows-Security-Auditing	N/A	N/A	Success Audit	LAB-LOGON125	Logoff		User initiated logoff: Subject: Security ID:  HOST-001\admin Account Name:  admin Account Domain:  HOST-001 Logon ID:  0x19f4c This event is generated when a logoff is initiated but the token reference count is not zero and the logon session cannot be destroyed.  No further user-initiated activity can occur.  This event can be interpreted as a logoff event.	1
<14>Apr 08 09:16:13 LAB-LOGON134 MSWinEventLog	1	Security	10134	Mon Apr 08 09:16:13 2024	4625	Microsoft-Windows-Security-Auditing	N/A	N/A	Failure Audit	LAB-LOGON134	Logon		An account failed to log on.    Subject: Security ID:  NULL SID Account Name:  - Account Domain:  - Logon ID:  0x0 Logon Type:  3 Account For Which Logon Failed: Security ID:  NULL SID Account Name:  asdf Account Domain: Failure Information: Failure Reason:  Unknown user name or bad password. Status:   0xc000006d Sub Status:  0xc0000064 Process Information: Caller Process ID: 0x0 Caller Process Name: - Network Information: Workstation Name: HOST-001 Source Network Address: 192.168.100.30 Source Port:  53176 Detailed Authentication Information: Logon Process:  NtLmSsp Authentication Package: NTLM Transited Services: - Package Name (NTLM only): - Key Length:  0    This event is generated when a logon request fails. It is generated on the computer where access was attempted.    The Subject fields indicate the account on the local system which requested the logon. This is most commonly a service such as the Server service, or a local process such as Winlogon.exe or Services.exe.    The Logon Type field indicates the kind of logon that was requested. The most common types are 2 (interactive) and 3 (network).    The Process Information fields indicate which account and process on the system requested the logon.    The Network Information fields indicate where a remote logon request originated. Workstation name is not always available and may be left blank in some cases.    The authentication information fields provide detailed information about this specific logon request.	1
<14>Apr 08 09:16:14 LAB-LOGON135 MSWinEventLog	1	Security	10135	Mon Apr 08 09:16:14 2024	4626	Microsoft-Windows-Security-Auditing	N/A	N/A	Success Audit	LAB-LOGON135	Logon		User / Device claims information. Subject: Security ID:     %1 Account Name:    %2 Account Domain:  %3 Logon ID:        %4 Logon Type:          %9 New Logon: Security ID:     %5 Account Name:    %6 Account Domain:  %7 Logon ID:        %8 Event in sequence:   %10 of %11 User Claims:         %12 Device Claims:       %13 The subject fields indicate the account on the local system which requested the logon. This is most commonly a service such as the Server service, or a local process such as Winlogon.exe or Services.exe. The logon type field indicates the kind of logon that occurred. The most common types are 2 (interactive) and 3 (network). The New Logon fields indicate the account for whom the new logon was created, i.e. the account that was logged on. This event is generated when the Audit User/Device claims subcategory is configured and the user’s logon token contains user/device claims information. The Logon ID field can be used to correlate this event with the corresponding user logon event as well as to any other security audit events generated during this logon session.	1
<14>Apr 08 09:16:15 LAB-LOGON136 MSWinEventLog	1	Security	10136	Mon Apr 08 09:16:15 2024	4648	Microsoft-Windows-Security-Auditing	N/A	N/A	Success Audit	LAB-LOGON136	Logon		A logon was attempted using explicit credentials.    Subject: Security ID:  HOST-001\admin Account Name:  admin Account Domain:  HOST-001 Logon ID:  0x1ba0e Logon GUID:  {00000000-0000-0000-0000-000000000000} Account Whose Credentials Were Used: Account Name: user010@example.com Account Domain:  HOST-001 Logon GUID:  {00000000-0000-0000-0000-000000000000} Target Server: Target Server Name: mail.example.com Additional Information: mail.example.com Process Information: Process ID:  0x77c Process Name:  C:\Program Files\Internet Explorer\iexplore.exe Network Information: Network Address: - Port:   - This event is generated when a process attempts to log on an account by explicitly specifying that account’s credentials.  This most commonly occurs in batch-type configurations such as scheduled tasks, or when using the RUNAS command.	1
<14>Apr 08 09:16:24 LAB-LOGON145 MSWinEventLog	1	Security	10145	Mon Apr 08 09:16:24 2024	6276	Microsoft-Windows-Security-Auditing	N/A	N/A	Success Audit	LAB-LOGON145	Network Policy Server		Network Policy Server quarantined a user.    Contact the Network Policy Server administrator for more information.    User:    Security ID:   %1 Account Name:   %2 Account Domain:   %3 Fully Qualified Account Name: %4    Client Machine:    Security ID:   %5 Account Name:   %6 Fully Qualified Account Name: %7 OS-Version:   %8 Called Station Identifier:  %9 Calling Station Identifier:  %10    NAS:    NAS IPv4 Address:  %11 NAS IPv6 Address:  %12 NAS Identifier:   %13 NAS Port-Type:   %14 NAS Port:   %15    RADIUS Client:    Client Friendly Name:  %16 Client IP Address:   %17    Authentication Details:    Proxy Policy Name:  %18 Network Policy Name:  %19 Authentication Provider:  %20 Authentication Server:  %21 Authentication Type:  %22 EAP Type:   %23 Account Session Identifier:  %24    Quarantine Information:    Result:    %25 Extended-Result:   %26 Session Identifier:   %27 Help URL:   %28 System Health Validator Result(s): %29	1
<14>Apr 08 09:16:25 LAB-LOGON146 MSWinEventLog	1	Security	10146	Mon Apr 08 09:16:25 2024	6277	Microsoft-Windows-Security-Auditing	N/A	N/A	Success Audit	LAB-LOGON146	Network Policy Server		Network Policy Server granted access to a user but put it on probation because the host did not meet the defined health policy.    Contact the Network Policy Server administrator for more information.    User:    Security ID:   %1 Account Name:   %2 Account Domain:   %3 Fully Qualified Account Name: %4    Client Machine:    Security ID:   %5 Account Name:   %6 Fully Qualified Account Name: %7 OS-Version:   %8 Called Station Identifier:  %9 Calling Station Identifier:  %10    NAS:    NAS IPv4 Address:  %11 NAS IPv6 Address:  %12 NAS Identifier:   %13 NAS Port-Type:   %14 NAS Port:   %15    RADIUS Client:    Client Friendly Name:  %16 Client IP Address:   %17    Authentication Details:    Proxy Policy Name:  %18 Network Policy Name:  %19 Authentication Provider:  %20 Authentication Server:  %21 Authentication Type:  %22 EAP Type:   %23 Account Session Identifier:  %24    Quarantine Information:    Result:    %25 Extended-Result:   %26 Session Identifier:   %27 Help URL:   %28 System Health Validator Result(s): %29 Quarantine Grace Time:  %30	1
<14>Apr 08 09:16:26 LAB-LOGON147 MSWinEventLog	1	Security	10147	Mon Apr 08 09:16:26 2024	6278	Microsoft-Windows-Security-Auditing	N/A	N/A	Success Audit	LAB-LOGON147	Network Policy Server		Network Policy Server granted full access to a user because the host met the defined health policy.    User:    Security ID:   %1 Account Name:   %2 Account Domain:   %3 Fully Qualified Account Name: %4    Client Machine:    Security ID:   %5 Account Name:   %6 Fully Qualified Account Name: %7 OS-Version:   %8 Called Station Identifier:  %9 Calling Station Identifier:  %10    NAS:    NAS IPv4 Address:  %11 NAS IPv6 Address:  %12 NAS Identifier:   %13 NAS Port-Type:   %14 NAS Port:   %15    RADIUS Client:    Client Friendly Name:  %16 Client IP Address:   %17    Authentication Details:    Proxy Policy Name:  %18 Network Policy Name:  %19 Authentication Provider:  %20 Authentication Server:  %21 Authentication Type:  %22 EAP Type:   %23 Account Session Identifier:  %24    Quarantine Information:    Result:    %25 Extended-Result:   %26 Session Identifier:   %27 Help URL:   %28 System Health Validator Result(s): %29	1
<14>Apr 08 09:16:27 LAB-LOGON148 MSWinEventLog	1	Security	10148	Mon Apr 08 09:16:27 2024	6279	Microsoft-Windows-Security-Auditing	N/A	N/A	Failure Audit	LAB-LOGON148	Network Policy Server		Network Policy Server locked the user account due to repeated failed authentication attempts.    User:    Security ID:   %1 Account Name:   %2 Account Domain:   %3 Fully Qualified Account Name: %4	1
<14>Apr 08 09:16:28 LAB-LOGON149 MSWinEventLog	1	Security	10149	Mon Apr 08 09:16:28 2024	6280	Microsoft-Windows-Security-Auditing	N/A	N/A	Success Audit	LAB-LOGON149	Network Policy Server		Network Policy Server unlocked the user account. User: Security ID:   %1 Account Name:   %2 Account Domain:   %3 Fully Qualified Account Name: %4	1
<14>Apr 08 09:16:29 LAB-LOGON150 MSWinEventLog	1	Security	10150	Mon Apr 08 09:16:29 2024	4649	Microsoft-Windows-Security-Auditing	N/A	N/A	Success Audit	LAB-LOGON150	Other Logon Logoff Events		A replay attack was detected.    Subject: Security ID:  %1 Account Name:  %2 Account Domain:  %3 Logon ID:  %4 Credentials Which Were Replayed: Account Name:  %5 Account Domain:  %6 Process Information: Process ID:  %12 Process Name:  %13 Network Information: Workstation Name: %10 Detailed Authentication Information: Request Type:  %7 Logon Process:  %8 Authentication Package: %9 Transited Services: %11    This event indicates that a Kerberos replay attack was detected- a request was received twice with identical information. This condition could be caused by network misconfiguration.	1
<14>Apr 08 09:16:30 LAB-LOGON151 MSWinEventLog	1	Security	10151	Mon Apr 08 09:16:30 2024	4778	Microsoft-Windows-Security-Auditing	N/A	N/A	Success Audit	LAB-LOGON151	Other Logon Logoff Events		A session was reconnected to a Window Station.    Subject:    Account Name:  admin Account Domain:  HOST-001 Logon ID:  0x169e9    Session:    Session Name:  RDP-Tcp#0    Additional Information:    Client Name:  XPEDIT Client Address:  10.42.42.211    This event is generated when a user reconnects to an existing Terminal Services session, or when a user switches to an existing desktop using Fast User Switching.	1
<14>Apr 08 09:16:31 LAB-LOGON152 MSWinEventLog	1	Security	10152	Mon Apr 08 09:16:31 2024	4779	Microsoft-Windows-Security-Auditing	N/A	N/A	Success Audit	LAB-LOGON152	Other Logon Logoff Events		A session was disconnected from a Window Station.    Subject:    Account Name:  admin Account Domain:  HOST-001 Logon ID:  0x169e9    Session:    Session Name:  RDP-Tcp#0    Additional Information:    Client Name:  XPEDIT Client Address:  10.42.42.211    This event is generated when a user disconnects from an existing Terminal Services session, or when a user switches away from an existing desktop using Fast User Switching.	1
<14>Apr 08 09:16:32 LAB-LOGON153 MSWinEventLog	1	Security	10153	Mon Apr 08 09:16:32 2024	4800	Microsoft-Windows-Security-Auditing	N/A	N/A	Success Audit	LAB-LOGON153	Other Logon Logoff Events		The workstation was locked.    Subject:    Security ID:  HOST-001\admin Account Name:  admin Account Domain:  HOST-001 Logon ID:  0x1be4b Session ID: 1	1
<14>Apr 08 09:16:33 LAB-LOGON154 MSWinEventLog	1	Security	10154	Mon Apr 08 09:16:33 2024	4801	Microsoft-Windows-Security-Auditing	N/A	N/A	Success Audit	LAB-LOGON154	Other Logon Logoff Events		The workstation was unlocked.    Subject:    Security ID:  HOST-001\admin Account Name:  admin Account Domain:  HOST-001 Logon ID:  0x1be4b Session ID: 1	1
<14>Apr 08 09:16:34 LAB-LOGON155 MSWinEventLog	1	Security	10155	Mon Apr 08 09:16:34 2024	4802	Microsoft-Windows-Security-Auditing	N/A	N/A	Success Audit	LAB-LOGON155	Other Logon Logoff Events		The screen saver was invoked.    Subject:    Security ID:  HOST-001\admin Account Name:  admin Account Domain:  HOST-001 Logon ID:  0x192a4 Session ID: 1	1
<14>Apr 08 09:16:35 LAB-LOGON156 MSWinEventLog	1	Security	10156	Mon Apr 08 09:16:35 2024	4803	Microsoft-Windows-Security-Auditing	N/A	N/A	Success Audit	LAB-LOGON156	Other Logon Logoff Events		The screen saver was invoked.    Subject:    Security ID:  HOST-001\admin Account Name:  admin Account Domain:  HOST-001 Logon ID:  0x192a4 Session ID: 1	1
<14>Apr 08 09:16:36 LAB-LOGON157 MSWinEventLog	1	Security	10157	Mon Apr 08 09:16:36 2024	5378	Microsoft-Windows-Security-Auditing	N/A	N/A	Success Audit	LAB-LOGON157	Other Logon Logoff Events		The requested credentials delegation was disallowed by policy.    Subject:    Security ID:  %1 Account Name:  %2 Account Domain:  %3 Logon ID:  %4    Credential Delegation Information:    Security Package: %5 User's UPN: %6 Target Server: %7 Credential Type: %8	1
<14>Apr 08 09:16:37 LAB-LOGON158 MSWinEventLog	1	Security	10158	Mon Apr 08 09:16:37 2024	5632	Microsoft-Windows-Security-Auditing	N/A	N/A	Failure Audit	LAB-LOGON158	Other Logon Logoff Events		A request was made to authenticate to a wireless network.    Subject:    Security ID: Account Name: Account Domain: Logon ID:    Network Information:    Name (SSID): Interface GUID: Local MAC Address: Peer MAC Address:    Additional Information:    Reason Code: Error Code:	1
<14>Apr 08 09:16:38 LAB-LOGON159 MSWinEventLog	1	Security	10159	Mon Apr 08 09:16:38 2024	5633	Microsoft-Windows-Security-Auditing	N/A	N/A	Failure Audit	LAB-LOGON159	Other Logon Logoff Events		A request was made to authenticate to a wired network.    Subject:    Security ID:  %2 Account Name:  %3 Account Domain:  %4 Logon ID:  %5    Interface:    Name:   %1    Additional Information    Reason Code:  %7 (%6) Error Code:  %8	1
<14>Apr 08 09:16:39 LAB-LOGON160 MSWinEventLog	1	Security	10160	Mon Apr 08 09:16:39 2024	4672	Microsoft-Windows-Security-Auditing	N/A	N/A	Success Audit	LAB-LOGON160	Special Logon		Special privileges assigned to new logon.    Subject:    Security ID:  HOST-001\admin Account Name:  admin Account Domain:  HOST-001 Logon ID:  0x4b842    Privileges:    SeSecurityPrivilege SeTakeOwnershipPrivilege SeLoadDriverPrivilege SeBackupPrivilege SeRestorePrivilege SeDebugPrivilege SeSystemEnvironmentPrivilege SeImpersonatePrivilege	1
<14>Apr 08 09:16:40 LAB-LOGON161 MSWinEventLog	1	Security	10161	Mon Apr 08 09:16:40 2024	4964	Microsoft-Windows-Security-Auditing	N/A	N/A	Success Audit	LAB-LOGON161	Special Logon		Special groups have been assigned to a new logon.    Subject:    Security ID:  SYSTEM Account Name:  DC08$ Account Domain:  ACME Logon ID:  0x3e7 Logon GUID: {00000000-0000-0000-0000-000000000000}    New Logon:    Security ID:  ACME\wsmith Account Name:  wsmith Account Domain:  ACME Logon ID:  0x110b51 Logon GUID: {3432a23c-bb03-007e-e951-eeacdf5b5606} Special Groups Assigned: ACME\WatchGroup	1
<14>Apr 08 09:16:05 LAB-LOGON126 MSWinEventLog	1	Security	10126	Mon Apr 08 09:16:05 2024	4624	Microsoft-Windows-Security-Auditing	N/A	N/A	Success Audit	LAB-LOGON126	Logon		An account was successfully logged on. Subject: Security ID: SYSTEM Account Name: HOST-007$ Account Domain: WORKGROUP Logon ID: 0x3E7 Logon Information: Logon Type: 7 Restricted Admin Mode: - Remote Credential Guard: - Virtual Account: No Elevated Token: No Impersonation Level: Impersonation New Logon: Security ID: CLOUDDOMAIN\User009 Account Name: user010@example.com Account Domain: CLOUDDOMAIN Logon ID: 0xFD5113F Linked Logon ID: 0xFD5112A Network Account Name: - Network Account Domain: - Logon GUID: {00000000-0000-0000-0000-000000000000} Process Information: Process ID: 0x30c Process Name: C:\Windows\System32\lsass.exe Network Information: Workstation Name: HOST-007 Source Network Address: - Source Port: - Detailed Authentication Information: Logon Process: Negotiat Authentication Package: Negotiate Transited Services: - Package Name (NTLM only): - Key Length: 0	1
<14>Apr 08 09:16:06 LAB-LOGON127 MSWinEventLog	1	Security	10127	Mon Apr 08 09:16:06 2024	4624	Microsoft-Windows-Security-Auditing	N/A	N/A	Success Audit	LAB-LOGON127	Logon		An account was successfully logged on. Subject: Security ID: SYSTEM Account Name: HOST-007$ Account Domain: WORKGROUP Logon ID: 0x3E7 Logon Information: Logon Type: 7 Restricted Admin Mode: - Remote Credential Guard: - Virtual Account: No Elevated Token: No Impersonation Level: Impersonation New Logon: Security ID: CLOUDDOMAIN\User009 Account Name: user010@example.com Account Domain: CLOUDDOMAIN Logon ID: 0xFD5113F Linked Logon ID: 0xFD5112A Network Account Name: - Network Account Domain: - Logon GUID: {00000000-0000-0000-0000-000000000000} Process Information: Process ID: 0x30c Process Name: C:\Windows\System32\lsass.exe Network Information: Workstation Name: HOST-007 Source Network Address: - Source Port: - Detailed Authentication Information: Logon Process: Negotiat Authentication Package: Negotiate Transited Services: - Package Name (NTLM only): - Key Length: 0	1
<14>Apr 08 09:16:07 LAB-LOGON128 MSWinEventLog	1	Security	10128	Mon Apr 08 09:16:07 2024	4624	Microsoft-Windows-Security-Auditing	N/A	N/A	Success Audit	LAB-LOGON128	Logon		An account was successfully logged on.    Subject: Security ID:  SYSTEM Account Name:  HOST-001$ Account Domain:  WORKGROUP Logon ID:  0x3e7 Logon Type:10 New Logon: Security ID:  HOST-001\admin Account Name:  admin Account Domain:  HOST-001 Logon ID:  0x19f4c Logon GUID:  {00000000-0000-0000-0000-000000000000} Process Information: Process ID:  0x4c0 Process Name:  C:\Windows\System32\winlogon.exe Network Information: Workstation Name: HOST-001 Source Network Address: 192.168.100.50 Source Port:  1181 Detailed Authentication Information: Logon Process:  User32 Authentication Package: Negotiate Transited Services: - Package Name (NTLM only): - Key Length:  0 This event is generated when a logon session is created. It is generated on the computer that was accessed.    The subject fields indicate the account on the local system which requested the logon. This is most commonly a service such as the Server service, or a local process such as Winlogon.exe or Services.exe.    The logon type field indicates the kind of logon that occurred. The most common types are 2 (interactive) and 3 (network).    The New Logon fields indicate the account for whom the new logon was created, i.e. the account that was logged on.    The network fields indicate where a remote logon request originated. Workstation name is not always available and may be left blank in some cases.    The authentication information fields provide detailed information about this specific logon request.    The authentication information fields provide detailed information about this specific logon request.	1
<14>Apr 08 09:16:08 LAB-LOGON129 MSWinEventLog	1	Security	10129	Mon Apr 08 09:16:08 2024	4624	Microsoft-Windows-Security-Auditing	N/A	N/A	Success Audit	LAB-LOGON129	Logon		An account was successfully logged on.    Subject: Security ID: NULL SID Account Name: - Account Domain: - Logon ID: 0x0 Logon Type: 3    Impersonation Level: Impersonation    New Logon: Security ID: DOMAIN\WORKSTATION-001$ Account Name: WORKSTATION-001$ Account Domain: DOMAIN Logon ID: 0x894B5E95 Logon GUID: {12345678-1234-1234-1234-123456789abc}    Process Information: Process ID: 0x0 Process Name: -    Network Information: Workstation Name: Source Network Address: 192.168.100.60 Source Port: 59752    Detailed Authentication Information: Logon Process: Kerberos Authentication Package: Kerberos Transited Services: - Package Name (NTLM only): - Key Length: 0	1
<14>Apr 08 09:16:16 LAB-LOGON137 MSWinEventLog	1	Security	10137	Mon Apr 08 09:16:16 2024	6272	Microsoft-Windows-Security-Auditing	N/A	N/A	Success Audit	LAB-LOGON137	Network Policy Server		Network Policy Server granted access to a user.    User:    Security ID:   %1 Account Name:   %2 Account Domain:   %3 Fully Qualified Account Name: %4    Client Machine:    Security ID:   %5 Account Name:   %6 Fully Qualified Account Name: %7 OS-Version:   %8 Called Station Identifier:  %9 Calling Station Identifier:  %10    NAS:    NAS IPv4 Address:  %11 NAS IPv6 Address:  %12 NAS Identifier:   %13 NAS Port-Type:   %14 NAS Port:   %15    RADIUS Client:    Client Friendly Name:  %16 Client IP Address:   %17 Authentication Details:    Proxy Policy Name:  %18 Network Policy Name:  %19 Authentication Provider:  %20 Authentication Server:  %21 Authentication Type:  %22 EAP Type:   %23 Account Session Identifier:  %24    Quarantine Information:    Result:    %25 Session Identifier:   %26	1
<14>Apr 08 09:16:18 LAB-LOGON139 MSWinEventLog	1	Security	10139	Mon Apr 08 09:16:18 2024	6273	Microsoft-Windows-Security-Auditing	N/A	N/A	Failure Audit	LAB-LOGON139	Network Policy Server		Network Policy Server denied access to a user.    Contact the Network Policy Server administrator for more information.    User:    Security ID:   %1 Account Name:   %2 Account Domain:   %3 Fully Qualified Account Name: %4    Client Machine:    Security ID:   %5 Account Name:   %6 Fully Qualified Account Name: %7 OS-Version:   %8 Called Station Identifier:  %9 Calling Station Identifier:  %10    NAS:    NAS IPv4 Address:  %11 NAS IPv6 Address:  %12 NAS Identifier:   %13 NAS Port-Type:   %14 NAS Port:   %15    RADIUS Client:    Client Friendly Name:  %16 Client IP Address:   %17    Authentication Details: Connection Request Policy Name:  %18 Network Policy Name:  %19 Authentication Provider:  %20 Authentication Server:  %21 Authentication Type:  %22 EAP Type:   %23 Account Session Identifier:  %24 Logging Results:  %27 Reason Code:   %25 Reason:    %26	1
<14>Apr 08 09:16:20 LAB-LOGON141 MSWinEventLog	1	Security	10141	Mon Apr 08 09:16:20 2024	6274	Microsoft-Windows-Security-Auditing	N/A	N/A	Success Audit	LAB-LOGON141	Network Policy Server		Network Policy Server discarded the request for a user.    Contact the Network Policy Server administrator for more information.    User:    Security ID:   %1 Account Name:   %2 Account Domain:   %3 Fully Qualified Account Name: %4    Client Machine:    Security ID:   %5 Account Name:   %6 Fully Qualified Account Name: %7 OS-Version:   %8 Called Station Identifier:  %9 Calling Station Identifier:  %10    NAS:    NAS IPv4 Address:  %11 NAS IPv6 Address:  %12 NAS Identifier:   %13 NAS Port-Type:   %14 NAS Port:   %15    RADIUS Client:    Client Friendly Name:  %16 Client IP Address:   %17    Authentication Details: Connection Request Policy Name:  %18 Network Policy Name:  %19 Authentication Provider:  %20 Authentication Server:  %21 Authentication Type:  %22 EAP Type:   %23 Account Session Identifier:  %24 Logging Results:  %27 Reason Code:   %25 Reason:    %26	1
<14>Apr 08 09:16:22 LAB-LOGON143 MSWinEventLog	1	Security	10143	Mon Apr 08 09:16:22 2024	6275	Microsoft-Windows-Security-Auditing	N/A	N/A	Success Audit	LAB-LOGON143	Network Policy Server		Network Policy Server discarded the accounting request for a user.    Contact the Network Policy Server administrator for more information.    User:    Security ID:   %1 Account Name:   %2 Account Domain:   %3 Fully Qualified Account Name: %4    Client Machine:    Security ID:   %5 Account Name:   %6 Fully Qualified Account Name: %7 OS-Version:   %8 Called Station Identifier:  %9 Calling Station Identifier:  %10    NAS:    NAS IPv4 Address:  %11 NAS IPv6 Address:  %12 NAS Identifier:   %13 NAS Port-Type:   %14 NAS Port:   %15    RADIUS Client:    Client Friendly Name:  %16 Client IP Address:   %17    Authentication Details: Connection Request Policy Name:  %18 Network Policy Name:  %19 Authentication Provider:  %20 Authentication Server:  %21 Authentication Type:  %22 EAP Type:   %23 Account Session Identifier:  %24 Logging Results:  %27 Reason Code:   %25	1
<14>Apr 08 09:16:09 LAB-LOGON130 MSWinEventLog	1	Security	10130	Mon Apr 08 09:16:09 2024	4624	Microsoft-Windows-Security-Auditing	N/A	N/A	Success Audit	LAB-LOGON130	Logon		An account was successfully logged on. Subject: Security ID: SYSTEM Account Name: HOST-007$ Account Domain: WORKGROUP Logon ID: 0x3E7 Logon Information: Logon Type: 7 Restricted Admin Mode: - Remote Credential Guard: - Virtual Account: No Elevated Token: No Impersonation Level: Impersonation New Logon: Security ID: CLOUDDOMAIN\User009 Account Name: user010@example.com Account Domain: CLOUDDOMAIN Logon ID: 0xFD5113F Linked Logon ID: 0xFD5112A Network Account Name: - Network Account Domain: - Logon GUID: {00000000-0000-0000-0000-000000000000} Process Information: Process ID: 0x30c Process Name: C:\Windows\System32\lsass.exe Network Information: Workstation Name: HOST-007 Source Network Address: - Source Port: - Detailed Authentication Information: Logon Process: Negotiat Authentication Package: Negotiate Transited Services: - Package Name (NTLM only): - Key Length: 0	1
<14>Apr 08 09:16:17 LAB-LOGON138 MSWinEventLog	1	Security	10138	Mon Apr 08 09:16:17 2024	6272	Microsoft-Windows-Security-Auditing	N/A	N/A	Success Audit	LAB-LOGON138	Network Policy Server		Network Policy Server granted access to a user.    User:    Security ID:   %1 Account Name:   %2 Account Domain:   %3 Fully Qualified Account Name: %4    Client Machine:    Security ID:   %5 Account Name:   %6 Fully Qualified Account Name: %7 Called Station Identifier:  %8 Calling Station Identifier:  %9    NAS:    NAS IPv4 Address:  %10 NAS IPv6 Address:  %11 NAS Identifier:   %12 NAS Port-Type:   %13 NAS Port:   %14    RADIUS Client:    Client Friendly Name:  %15 Client IP Address:   %16 Authentication Details:    Connection Request Policy Name:  %17 Network Policy Name:  %18 Authentication Provider:  %19 Authentication Server:  %20 Authentication Type:  %21 EAP Type:   %22 Account Session Identifier:  %23 Logging Results: %24	1
<14>Apr 08 09:16:19 LAB-LOGON140 MSWinEventLog	1	Security	10140	Mon Apr 08 09:16:19 2024	6273	Microsoft-Windows-Security-Auditing	N/A	N/A	Failure Audit	LAB-LOGON140	Network Policy Server		Network Policy Server denied access to a user.    Contact the Network Policy Server administrator for more information.    User:    Security ID:   %1 Account Name:   %2 Account Domain:   %3 Fully Qualified Account Name: %4    Client Machine:    Security ID:   %5 Account Name:   %6 Fully Qualified Account Name: %7 Called Station Identifier:  %8 Calling Station Identifier:  %9    NAS:    NAS IPv4 Address:  %10 NAS IPv6 Address:  %11 NAS Identifier:   %12 NAS Port-Type:   %13 NAS Port:   %14    RADIUS Client:    Client Friendly Name:  %15 Client IP Address:   %16    Authentication Details:    Connection Request Policy Name:  %17 Network Policy Name:  %18 Authentication Provider:  %19 Authentication Server:  %20 Authentication Type:  %21 EAP Type:   %22 Account Session Identifier:  %23 Logging Results:  %26 Reason Code:   %24 Reason:    %25	1
<14>Apr 08 09:16:21 LAB-LOGON142 MSWinEventLog	1	Security	10142	Mon Apr 08 09:16:21 2024	6274	Microsoft-Windows-Security-Auditing	N/A	N/A	Success Audit	LAB-LOGON142	Network Policy Server		Network Policy Server discarded the request for a user.    Contact the Network Policy Server administrator for more information.    User:    Security ID:   %1 Account Name:   %2 Account Domain:   %3 Fully Qualified Account Name: %4    Client Machine:    Security ID:   %5 Account Name:   %6 Fully Qualified Account Name: %7 Called Station Identifier:  %8 Calling Station Identifier:  %9    NAS:    NAS IPv4 Address:  %10 NAS IPv6 Address:  %11 NAS Identifier:   %12 NAS Port-Type:   %13 NAS Port:   %14    RADIUS Client:    Client Friendly Name:  %15 Client IP Address:   %16    Authentication Details:    Connection Request Policy Name:  %17 Network Policy Name:  %18 Authentication Provider:  %19 Authentication Server:  %20 Authentication Type:  %21 EAP Type:   %22 Account Session Identifier:  %23 Logging Results:  %26 Reason Code:   %24 Reason:    %25	1
<14>Apr 08 09:16:23 LAB-LOGON144 MSWinEventLog	1	Security	10144	Mon Apr 08 09:16:23 2024	6275	Microsoft-Windows-Security-Auditing	N/A	N/A	Success Audit	LAB-LOGON144	Network Policy Server		Network Policy Server discarded the accounting request for a user.    Contact the Network Policy Server administrator for more information.    User:    Security ID:   %1 Account Name:   %2 Account Domain:   %3 Fully Qualified Account Name: %4    Client Machine:    Security ID:   %5 Account Name:   %6 Fully Qualified Account Name: %7 Called Station Identifier:  %8 Calling Station Identifier:  %9    NAS:    NAS IPv4 Address:  %10 NAS IPv6 Address:  %11 NAS Identifier:   %12 NAS Port-Type:   %13 NAS Port:   %14    RADIUS Client:    Client Friendly Name:  %15 Client IP Address:   %16    Authentication Details:    Connection Request Policy Name:  %17 Network Policy Name:  %18 Authentication Provider:  %19 Authentication Server:  %20 Authentication Type:  %21 EAP Type:   %22 Account Session Identifier:  %23 Logging Results:  %26 Reason Code:   %24 Reason:    %25	1
<14>Apr 08 09:16:10 LAB-LOGON131 MSWinEventLog	1	Security	10131	Mon Apr 08 09:16:10 2024	4624	Microsoft-Windows-Security-Auditing	N/A	N/A	Success Audit	LAB-LOGON131	Logon		An account was successfully logged on. Subject: Security ID: SYSTEM Account Name: HOST-007$ Account Domain: WORKGROUP Logon ID: 0x3E7 Logon Information: Logon Type: 7 Restricted Admin Mode: - Remote Credential Guard: - Virtual Account: No Elevated Token: No Impersonation Level: Impersonation New Logon: Security ID: CLOUDDOMAIN\User009 Account Name: user010@example.com Account Domain: CLOUDDOMAIN Logon ID: 0xFD5113F Linked Logon ID: 0xFD5112A Network Account Name: - Network Account Domain: - Logon GUID: {00000000-0000-0000-0000-000000000000} Process Information: Process ID: 0x30c Process Name: C:\Windows\System32\lsass.exe Network Information: Workstation Name: HOST-007 Source Network Address: - Source Port: - Detailed Authentication Information: Logon Process: Negotiat Authentication Package: Negotiate Transited Services: - Package Name (NTLM only): - Key Length: 0	1
<14>Apr 08 09:16:11 LAB-LOGON132 MSWinEventLog	1	Security	10132	Mon Apr 08 09:16:11 2024	4624	Microsoft-Windows-Security-Auditing	N/A	N/A	Success Audit	LAB-LOGON132	Logon		An account was successfully logged on. Subject: Security ID: SYSTEM Account Name: HOST-007$ Account Domain: WORKGROUP Logon ID: 0x3E7 Logon Information: Logon Type: 7 Restricted Admin Mode: - Remote Credential Guard: - Virtual Account: No Elevated Token: No Impersonation Level: Impersonation New Logon: Security ID: CLOUDDOMAIN\User009 Account Name: user010@example.com Account Domain: CLOUDDOMAIN Logon ID: 0xFD5113F Linked Logon ID: 0xFD5112A Network Account Name: - Network Account Domain: - Logon GUID: {00000000-0000-0000-0000-000000000000} Process Information: Process ID: 0x30c Process Name: C:\Windows\System32\lsass.exe Network Information: Workstation Name: HOST-007 Source Network Address: - Source Port: - Detailed Authentication Information: Logon Process: Negotiat Authentication Package: Negotiate Transited Services: - Package Name (NTLM only): - Key Length: 0	1
<14>Apr 08 09:16:12 LAB-LOGON133 MSWinEventLog	1	Security	10133	Mon Apr 08 09:16:12 2024	4624	Microsoft-Windows-Security-Auditing	N/A	N/A	Success Audit	LAB-LOGON133	Logon		An account was successfully logged on. Subject: Security ID: SYSTEM Account Name: HOST-007$ Account Domain: WORKGROUP Logon ID: 0x3E7 Logon Information: Logon Type: 7 Restricted Admin Mode: - Remote Credential Guard: - Virtual Account: No Elevated Token: No Impersonation Level: Impersonation New Logon: Security ID: CLOUDDOMAIN\User009 Account Name: user010@example.com Account Domain: CLOUDDOMAIN Logon ID: 0xFD5113F Linked Logon ID: 0xFD5112A Network Account Name: - Network Account Domain: - Logon GUID: {00000000-0000-0000-0000-000000000000} Process Information: Process ID: 0x30c Process Name: C:\Windows\System32\lsass.exe Network Information: Workstation Name: HOST-007 Source Network Address: - Source Port: - Detailed Authentication Information: Logon Process: Negotiat Authentication Package: Negotiate Transited Services: - Package Name (NTLM only): - Key Length: 0	1
