<14>Aug 15 13:20:15 LAB-OBJEC168 MSWinEventLog	1	Security	10168	Thu Aug 15 13:20:15 2024	4665	Microsoft-Windows-Security-Auditing	N/A	N/A	Success Audit	LAB-OBJEC168	Application Generated		An attempt was made to create an application client context.    Subject:    Client Name:  %3 Client Domain:  %4 Client Context ID: %5    Application Information:    Application Name: %1 Application Instance ID: %2    Status: %	1
<14>Aug 15 13:20:18 LAB-OBJEC169 MSWinEventLog	1	Security	10169	Thu Aug 15 13:20:18 2024	4666	Microsoft-Windows-Security-Auditing	N/A	N/A	Success Audit	LAB-OBJEC169	Application Generated		An application attempted an operation:    Subject: Client Name: Administrator Client Domain: MOM Client Context ID: 615654731    Object: Object Name: GetConnectorsByCriteria Scope Names: d5f04262-5efe-43cf-914c-3c1ea37a6529    Application Information: Application Name: Microsoft Operations Manager Application Instance ID: 302660    Access Request Information: Role: Role Groups: Group Operation Name: Connector__Get (14)	1
<14>Aug 15 13:20:21 LAB-OBJEC170 MSWinEventLog	1	Security	10170	Thu Aug 15 13:20:21 2024	4667	Microsoft-Windows-Security-Auditing	N/A	N/A	Failure Audit	LAB-OBJEC170	Application Generated		An application client context was deleted. Subject: Client Name: Administrator Client Domain: MOM Client Context ID: 615654731 Application Information: Application Name: Microsoft Operations Manager Application Instance ID: 302660	1
<14>Aug 15 13:20:24 LAB-OBJEC171 MSWinEventLog	1	Security	10171	Thu Aug 15 13:20:24 2024	4668	Microsoft-Windows-Security-Auditing	N/A	N/A	Success Audit	LAB-OBJEC171	Application Generated		An application was initialized.    Subject:    Client Name: %3 Client Domain: %4 Client ID: %5    Application Information:    Application Name: %1 Application Instance ID: %2    Additional Information:    Policy Store URL: %6	1
<14>Aug 15 13:20:27 LAB-OBJEC172 MSWinEventLog	1	Security	10172	Thu Aug 15 13:20:27 2024	4818	Microsoft-Windows-Security-Auditing	N/A	N/A	Success Audit	LAB-OBJEC172	Central Policy Staging		Proposed Central Access Policy does not grant the same access permissions as the current Central Access Policy. Subject: Security ID:     %1 Account Name:    %2 Account Domain:  %3 Logon ID:        %4 Object: Object Server:   %5 Object Type:     %6 Object Name:     %7 Handle ID:       %8 Process Information: Process ID:      %9 Process Name:    %10 Current Central Access Policy results: Access Reasons:  %11 Proposed Central Access Policy results that differ from the current Central Access Policy results: Access Reasons:  %12	1
<14>Apr 08 09:16:52 LAB-OBJEC173 MSWinEventLog	1	Security	10173	Mon Apr 08 09:16:52 2024	4868	Microsoft-Windows-Security-Auditing	N/A	N/A	Failure Audit	LAB-OBJEC173	Certification Services		The certificate manager denied a pending certificate request.    Request ID: 6	1
<14>Apr 08 09:16:53 LAB-OBJEC174 MSWinEventLog	1	Security	10174	Mon Apr 08 09:16:53 2024	4869	Microsoft-Windows-Security-Auditing	N/A	N/A	Success Audit	LAB-OBJEC174	Certification Services		Certificate Services received a resubmitted certificate request.    Request ID: 7	1
<14>Apr 08 09:16:54 LAB-OBJEC175 MSWinEventLog	1	Security	10175	Mon Apr 08 09:16:54 2024	4870	Microsoft-Windows-Security-Auditing	N/A	N/A	Success Audit	LAB-OBJEC175	Certification Services		Certificate Services revoked a certificate.    Serial Number: 12140da0000000000007 Reason: 1	1
<14>Apr 08 09:16:55 LAB-OBJEC176 MSWinEventLog	1	Security	10176	Mon Apr 08 09:16:55 2024	4871	Microsoft-Windows-Security-Auditing	N/A	N/A	Success Audit	LAB-OBJEC176	Certification Services		Certificate Services received a request to publish the certificate revocation list (CRL).    Next Update: %1 Publish Base: %2 Publish Delta: %3	1
<14>Apr 08 09:16:56 LAB-OBJEC177 MSWinEventLog	1	Security	10177	Mon Apr 08 09:16:56 2024	4872	Microsoft-Windows-Security-Auditing	N/A	N/A	Success Audit	LAB-OBJEC177	Certification Services		Certificate Services published the certificate revocation list (CRL).    Base CRL: Yes CRL Number: 2 Key Container: domain-fr-HOST-003-CA Next Publish: 12/26/2007 5:38 AM 13.750s Publish URLs: C:\Windows\system32\CertSrv\CertEnroll\domain-fr-HOST-003-CA.crl; ldap:///CN=domain-fr-HOST-003-CA,CN=HOST-003,CN=CDP,CN=Public Key    Services,CN=Services,CN=Configuration,DC=domain-fr,DC=local;	1
<14>Apr 08 09:16:57 LAB-OBJEC178 MSWinEventLog	1	Security	10178	Mon Apr 08 09:16:57 2024	4873	Microsoft-Windows-Security-Auditing	N/A	N/A	Success Audit	LAB-OBJEC178	Certification Services		A certificate request extension changed.    Request ID: %1 Name: %2 Type: %3 Flags: %4 Data: %5	1
<14>Apr 08 09:16:58 LAB-OBJEC179 MSWinEventLog	1	Security	10179	Mon Apr 08 09:16:58 2024	4874	Microsoft-Windows-Security-Auditing	N/A	N/A	Success Audit	LAB-OBJEC179	Certification Services		One or more certificate request attributes changed. Request ID: %1 Attributes: %2	1
<14>Apr 08 09:16:59 LAB-OBJEC180 MSWinEventLog	1	Security	10180	Mon Apr 08 09:16:59 2024	4875	Microsoft-Windows-Security-Auditing	N/A	N/A	Success Audit	LAB-OBJEC180	Certification Services		Certificate Services received a request to shut down.	1
<14>Apr 08 09:16:00 LAB-OBJEC181 MSWinEventLog	1	Security	10181	Mon Apr 08 09:16:00 2024	4876	Microsoft-Windows-Security-Auditing	N/A	N/A	Success Audit	LAB-OBJEC181	Certification Services		Certificate Services backup started.    Backup Type: 1	1
<14>Apr 08 09:16:01 LAB-OBJEC182 MSWinEventLog	1	Security	10182	Mon Apr 08 09:16:01 2024	4877	Microsoft-Windows-Security-Auditing	N/A	N/A	Success Audit	LAB-OBJEC182	Certification Services		Certificate Services backup completed.	1
<14>Apr 08 09:16:02 LAB-OBJEC183 MSWinEventLog	1	Security	10183	Mon Apr 08 09:16:02 2024	4878	Microsoft-Windows-Security-Auditing	N/A	N/A	Success Audit	LAB-OBJEC183	Certification Services		Certificate Services restore started.	1
<14>Apr 08 09:16:03 LAB-OBJEC184 MSWinEventLog	1	Security	10184	Mon Apr 08 09:16:03 2024	4879	Microsoft-Windows-Security-Auditing	N/A	N/A	Success Audit	LAB-OBJEC184	Certification Services		Certificate Services restore completed.	1
<14>Apr 08 09:16:04 LAB-OBJEC185 MSWinEventLog	1	Security	10185	Mon Apr 08 09:16:04 2024	4880	Microsoft-Windows-Security-Auditing	N/A	N/A	Success Audit	LAB-OBJEC185	Certification Services		Certificate Services started.    Certificate Database Hash: 21 86 63 d5 ae 80 b9 79 13 2c 0c d3 fd 19 e8 87 ab a1 41 b9 Private Key Usage Count: 0 CA Certificate Hash: 5b 52 68 24 b1 06 0d 7e 62 49 41 f6 da b2 ef d5 2d 34 59 cb CA Public Key Hash: d1 83 30 f5 88 34 c6 76 c6 33 99 cb 30 f0 bc 96 a1 ae d9 4e	1
<14>Apr 08 09:16:05 LAB-OBJEC186 MSWinEventLog	1	Security	10186	Mon Apr 08 09:16:05 2024	4881	Microsoft-Windows-Security-Auditing	N/A	N/A	Success Audit	LAB-OBJEC186	Certification Services		Certificate Services stopped.    Certificate Database Hash: 21 86 63 d5 ae 80 b9 79 13 2c 0c d3 fd 19 e8 87 ab a1 41 b9 Private Key Usage Count: 0 CA Certificate Hash: 5b 52 68 24 b1 06 0d 7e 62 49 41 f6 da b2 ef d5 2d 34 59 cb CA Public Key Hash: d1 83 30 f5 88 34 c6 76 c6 33 99 cb 30 f0 bc 96 a1 ae d9 4e	1
<14>Apr 08 09:16:06 LAB-OBJEC187 MSWinEventLog	1	Security	10187	Mon Apr 08 09:16:06 2024	4882	Microsoft-Windows-Security-Auditing	N/A	N/A	Success Audit	LAB-OBJEC187	Certification Services		The security permissions for Certificate Services changed.    Allow NT AUTHORITY\Authenticated Users    Enroll    Allow DOMAIN-FR\Certificate Managers    Certificate Manager Read Enroll    Allow DOMAIN-FR\Domain Admins    CA Administrator Certificate Manager    Allow DOMAIN-FR\Enterprise Admins    CA Administrator Certificate Manager    Allow BUILTIN\Administrators    CA Administrator Certificate Manager	1
<14>Apr 08 09:16:07 LAB-OBJEC188 MSWinEventLog	1	Security	10188	Mon Apr 08 09:16:07 2024	4883	Microsoft-Windows-Security-Auditing	N/A	N/A	Success Audit	LAB-OBJEC188	Certification Services		Certificate Services retrieved an archived key.    Request ID: %1	1
<14>Apr 08 09:16:08 LAB-OBJEC189 MSWinEventLog	1	Security	10189	Mon Apr 08 09:16:08 2024	4884	Microsoft-Windows-Security-Auditing	N/A	N/A	Success Audit	LAB-OBJEC189	Certification Services		Certificate Services imported a certificate into its database.    Certificate: %1 Request ID: %2	1
<14>Apr 08 09:16:09 LAB-OBJEC190 MSWinEventLog	1	Security	10190	Mon Apr 08 09:16:09 2024	4885	Microsoft-Windows-Security-Auditing	N/A	N/A	Success Audit	LAB-OBJEC190	Certification Services		The audit filter for Certificate Services changed.    Filter: 126	1
<14>Apr 08 09:16:10 LAB-OBJEC191 MSWinEventLog	1	Security	10191	Mon Apr 08 09:16:10 2024	4886	Microsoft-Windows-Security-Auditing	N/A	N/A	Success Audit	LAB-OBJEC191	Certification Services		Certificate Services received a certificate request.    Request ID: 4 Requester: DOMAIN-FR\Administrator Attributes: UserAgent:Mozilla/4.0 (compatible; MSIE 7.0; Windows NT 6.0; SLCC1; .NET CLR 2.0.50727)    ccm:HOST-003.domain-fr.local    Subject from CSR: SAN from CSR: Requested Template: RequestOSVersion: RequestCSPProvider: RequestClientInfo: Authentication Service: Authentication Level: DCOMorRPC:	1
<14>Apr 08 09:16:11 LAB-OBJEC192 MSWinEventLog	1	Security	10192	Mon Apr 08 09:16:11 2024	4887	Microsoft-Windows-Security-Auditing	N/A	N/A	Success Audit	LAB-OBJEC192	Certification Services		Certificate Services approved a certificate request and issued a certificate.    Request ID: 4 Requester: DOMAIN-FR\Administrator Attributes: UserAgent:Mozilla/4.0 (compatible; MSIE 7.0; Windows NT 6.0; SLCC1; .NET CLR 2.0.50727) ccm:HOST-003.domain-fr.local Disposition: 3 SKI:  f4 86 30 6c 7b ed 5d fd 06 c9 60 20 68 fd 62 20 18 7a 0d c3 Certificate Subject: CN=Administrator, CN=Users, DC=domain-fr, DC=local Certificate SAN: Certificate Template: Serial Number: Authentication Service: Authentication Level: DCOMorRPC:	1
<14>Apr 08 09:16:12 LAB-OBJEC193 MSWinEventLog	1	Security	10193	Mon Apr 08 09:16:12 2024	4888	Microsoft-Windows-Security-Auditing	N/A	N/A	Failure Audit	LAB-OBJEC193	Certification Services		Certificate Services denied a certificate request.    Request ID: 6 Requester: DOMAIN-FR\admin Attributes: Disposition: 2 SKI:  86 00 7d 5e 4a a0 a9 73 d1 28 3c a5 48 57 19 05 b7 e8 cb 44 Subject: Authentication Service: Authentication Level: DCOMorRPC:	1
<14>Apr 08 09:16:13 LAB-OBJEC194 MSWinEventLog	1	Security	10194	Mon Apr 08 09:16:13 2024	4889	Microsoft-Windows-Security-Auditing	N/A	N/A	Success Audit	LAB-OBJEC194	Certification Services		Certificate Services set the status of a certificate request to pending.    Request ID: 6 Requester: Attributes: Disposition: SKI: Subject: Authentication Service: Authentication Level: DCOMorRPC	1
<14>Apr 08 09:16:14 LAB-OBJEC195 MSWinEventLog	1	Security	10195	Mon Apr 08 09:16:14 2024	4890	Microsoft-Windows-Security-Auditing	N/A	N/A	Success Audit	LAB-OBJEC195	Certification Services		The certificate manager settings for Certificate Services changed.    Enable: Yes Allow DOMAIN-FR\Certificate Managers Everyone    The certificate manager settings for Certificate Services changed.    Enable: No	1
<14>Apr 08 09:16:15 LAB-OBJEC196 MSWinEventLog	1	Security	10196	Mon Apr 08 09:16:15 2024	4891	Microsoft-Windows-Security-Auditing	N/A	N/A	Success Audit	LAB-OBJEC196	Certification Services		A configuration entry changed in Certificate Services.    Node: PolicyModules\CertificateAuthority_MicrosoftDefault.Policy Entry: RequestDisposition Value: 257	1
<14>Apr 08 09:16:16 LAB-OBJEC197 MSWinEventLog	1	Security	10197	Mon Apr 08 09:16:16 2024	4892	Microsoft-Windows-Security-Auditing	N/A	N/A	Success Audit	LAB-OBJEC197	Certification Services		A property of Certificate Services changed.    Property: 24 Index: 0 Type: 1 Value: 0	1
<14>Apr 08 09:16:17 LAB-OBJEC198 MSWinEventLog	1	Security	10198	Mon Apr 08 09:16:17 2024	4893	Microsoft-Windows-Security-Auditing	N/A	N/A	Success Audit	LAB-OBJEC198	Certification Services		Certificate Services archived a key.    Request ID: %1 Requester: %2 KRA Hashes: %3	1
<14>Apr 08 09:16:18 LAB-OBJEC199 MSWinEventLog	1	Security	10199	Mon Apr 08 09:16:18 2024	4894	Microsoft-Windows-Security-Auditing	N/A	N/A	Success Audit	LAB-OBJEC199	Certification Services		Certificate Services imported and archived a key.    Request ID: %1	1
<14>Apr 08 09:16:19 LAB-OBJEC200 MSWinEventLog	1	Security	10200	Mon Apr 08 09:16:19 2024	4895	Microsoft-Windows-Security-Auditing	N/A	N/A	Success Audit	LAB-OBJEC200	Certification Services		Certificate Services published the CA certificate to Active Directory Domain Services.    Certificate Hash: %1 Valid From: %2 Valid To:  %3	1
<14>Apr 08 09:16:20 LAB-OBJEC201 MSWinEventLog	1	Security	10201	Mon Apr 08 09:16:20 2024	4896	Microsoft-Windows-Security-Auditing	N/A	N/A	Success Audit	LAB-OBJEC201	Certification Services		One or more rows have been deleted from the certificate database.    Table ID: %1 Filter: %2 Rows Deleted: %3	1
<14>Apr 08 09:16:21 LAB-OBJEC202 MSWinEventLog	1	Security	10202	Mon Apr 08 09:16:21 2024	4897	Microsoft-Windows-Security-Auditing	N/A	N/A	Success Audit	LAB-OBJEC202	Certification Services		Role separation enabled: No    The certificate manager settings for Certificate Services changed.    Enable: Yes    Allow DOMAIN-FR\Certificate Managers BUILTIN\Users Allow DOMAIN-FR\Certificate Managers BUILTIN\Users Allow DOMAIN-FR\Domain Admins Everyone Allow DOMAIN-FR\Enterprise Admins Everyone Allow BUILTIN\Administrators Everyone	1
<14>Apr 08 09:16:22 LAB-OBJEC203 MSWinEventLog	1	Security	10203	Mon Apr 08 09:16:22 2024	4898	Microsoft-Windows-Security-Auditing	N/A	N/A	Success Audit	LAB-OBJEC203	Certification Services		Certificate Services loaded a template.    User v3.1 (Schema V1)    CN=User,CN=Certificate Templates,CN=Public Key Services,CN=Services,CN=Configuration,DC=domain-fr,DC=local    Template Information:    Template Content: flags = 0x1023a (66106) CT_FLAG_ADD_EMAIL ==== 0x2 CT_FLAG_PUBLISH_TO_DS ==== 0x8 CT_FLAG_EXPORTABLE_KEY ==== 0x10 (16) CT_FLAG_AUTO_ENROLLMENT ==== 0x20 (32) CT_FLAG_ADD_TEMPLATE_NAME ==== 0x200 (512) CT_FLAG_IS_DEFAULT ==== 0x10000 (65536)    msPKI-Private-Key-Flag = 0x10 (16) CT_FLAG_EXPORTABLE_KEY ==== 0x10 (16)    msPKI-Certificate-Name-Flag = 0xa6000000 (2785017856)    CT_FLAG_SUBJECT_ALT_REQUIRE_UPN ==== 0x2000000 (33554432) CT_FLAG_SUBJECT_ALT_REQUIRE_EMAIL ==== 0x4000000 (67108864) CT_FLAG_SUBJECT_REQUIRE_EMAIL ==== 0x20000000 (536870912) CT_FLAG_SUBJECT_REQUIRE_DIRECTORY_PATH ==== 0x80000000 (2147483648)    msPKI-Enrollment-Flag = 0x29 (41)    CT_FLAG_INCLUDE_SYMMETRIC_ALGORITHMS ==== 0x1 CT_FLAG_PUBLISH_TO_DS ==== 0x8 CT_FLAG_AUTO_ENROLLMENT ==== 0x20 (32)    msPKI-Template-Schema-Version = 1    revision = 3    msPKI-Template-Minor-Revision = 1    pKIDefaultKeySpec = 1    pKIExpirationPeriod = 1 Years    pKIOverlapPeriod = 6 Weeks    cn = User    distinguishedName = User    pKIKeyUsage = a0    displayName = User    templateDescription = User    pKIExtendedKeyUsage =    1.3.6.1.4.1.311.10.3.4 Encrypting File System 1.3.6.1.5.5.7.3.4 Secure Email 1.3.6.1.5.5.7.3.2 Client Authentication    pKIDefaultCSPs =    Microsoft Enhanced Cryptographic Provider v1.0 Microsoft Base Cryptographic Provider v1.0    msPKI-Supersede-Templates =    msPKI-RA-Policies =    msPKI-RA-Application-Policies =    msPKI-Certificate-Policy =    msPKI-Certificate-Application-Policy =    pKICriticalExtensions =    2.5.29.15 Key Usage    Security Descriptor:  O:EAG:EAD:PAI(OA;;RPWPCR;0e10c968-78fb-11d2-   90d4-00c04f79dc55;;DA)(OA;;RPWPCR;0e10c968-78fb-11d2-90d4-   00c04f79dc55;;DU)(OA;;RPWPCR;0e10c968-78fb-11d2-90d4-   00c04f79dc55;;EA)(A;;CCDCLCSWRPWPDTLOSDRCWDWO;;;DA)   (A;;CCDCLCSWRPWPDTLOSDRCWDWO;;;EA)(A;;LCRPLORC;;;AU)    Allow DOMAIN-FR\Domain Admins    Enroll    Allow DOMAIN-FR\Domain Users    Enroll    Allow DOMAIN-FR\Enterprise Admins    Enroll    Allow DOMAIN-FR\Domain Admins    Full Control    Allow DOMAIN-FR\Enterprise Admins    Full Control    Allow NT AUTHORITY\Authenticated Users    Read Additional Information:    Domain Controller: HOST-003.domain-fr.local	1
<14>Apr 08 09:16:23 LAB-OBJEC204 MSWinEventLog	1	Security	10204	Mon Apr 08 09:16:23 2024	4899	Microsoft-Windows-Security-Auditing	N/A	N/A	Success Audit	LAB-OBJEC204	Certification Services		A Certificate Services template was updated.    %1 v%2 (Schema V%3) %4 %5    Template Change Information:    Old Template Content: %8 New Template Content:  %7    Additional Information:    Domain Controller: %6	1
<14>Apr 08 09:16:24 LAB-OBJEC205 MSWinEventLog	1	Security	10205	Mon Apr 08 09:16:24 2024	4900	Microsoft-Windows-Security-Auditing	N/A	N/A	Success Audit	LAB-OBJEC205	Certification Services		Certificate Services template security was updated.    User v3.1 (Schema V1)    CN=User,CN=Certificate Templates,CN=Public Key Services,CN=Services,CN=Configuration,DC=domain-fr,DC=local    Old Template Content: flags = 0x1023a (66106) CT_FLAG_ADD_EMAIL ==== 0x2 CT_FLAG_PUBLISH_TO_DS ==== 0x8 CT_FLAG_EXPORTABLE_KEY ==== 0x10 (16) CT_FLAG_AUTO_ENROLLMENT ==== 0x20 (32) CT_FLAG_ADD_TEMPLATE_NAME ==== 0x200 (512) CT_FLAG_IS_DEFAULT ==== 0x10000 (65536)    New Template Content: flags = 0x3023a (197178) CT_FLAG_ADD_EMAIL ==== 0x2 CT_FLAG_PUBLISH_TO_DS ==== 0x8 CT_FLAG_EXPORTABLE_KEY ==== 0x10 (16) CT_FLAG_AUTO_ENROLLMENT ==== 0x20 (32) CT_FLAG_ADD_TEMPLATE_NAME ==== 0x200 (512) CT_FLAG_IS_DEFAULT ==== 0x10000 (65536) CT_FLAG_IS_MODIFIED ==== 0x20000 (131072)    Old Security Descriptor:  O:EAG:EAD:PAI(OA;;RPWPCR;0e10c968-78fb-11d2-90d4-00c04f79dc55;;DA)(OA;;RPWPCR;0e10c968-78fb-11d2-90d4-00c04f79dc55;;DU)(OA;;RPWPCR;0e10c968-78fb-11d2-90d4-00c04f79dc55;;EA)(A;;CCDCLCSWRPWPDTLOSDRCWDWO;;;DA)(A;;CCDCLCSWRPWPDTLOSDRCWDWO;;;EA)(A;;LCRPLORC;;;AU)    Allow DOMAIN-FR\Domain Admins Enroll Allow DOMAIN-FR\Domain Users Enroll Allow DOMAIN-FR\Enterprise Admins Enroll Allow DOMAIN-FR\Domain Admins Full Control Allow DOMAIN-FR\Enterprise Admins Full Control Allow NT AUTHORITY\Authenticated Users Read    New Security Descriptor:      O:EAG:EAD:PAI(OA;;RPWPCR;0e10c968-78fb-11d2-90d4-00c04f79dc55;;DA)(OA;;RPWPCR;0e10c968-78fb-11d2-90d4-00c04f79dc55;;DU)(OA;;RPWPCR;0e10c968-78fb-11d2-90d4-00c04f79dc55;;EA)(A;;CCDCLCSWRPWPDTLOSDRCWDWO;;;DA)(A;;CCDCLCSWRPWPDTLOSDRCWDWO;;;EA)(A;;CCDCLCSWRPWPDTLOCRSDRCWDWO;;;AU)    Allow DOMAIN-FR\Domain Admins Enroll Allow DOMAIN-FR\Domain Users Enroll Allow DOMAIN-FR\Enterprise Admins Enroll Allow DOMAIN-FR\Domain Admins Full Control Allow DOMAIN-FR\Enterprise Admins Full Control Allow NT AUTHORITY\Authenticated Users Full Control    Additional Information: Domain Controller: HOST-003.domain-fr.local    Template Change Information:	1
<14>Apr 08 09:16:25 LAB-OBJEC206 MSWinEventLog	1	Security	10206	Mon Apr 08 09:16:25 2024	5120	Microsoft-Windows-Security-Auditing	N/A	N/A	Success Audit	LAB-OBJEC206	Certification Services		OCSP Responder Service Started.	1
<14>Apr 08 09:16:26 LAB-OBJEC207 MSWinEventLog	1	Security	10207	Mon Apr 08 09:16:26 2024	5145	Microsoft-Windows-Security-Auditing	N/A	N/A	Success Audit	LAB-OBJEC207	Detailed File Share		A network share object was checked to see whether client can be granted desired access.    Subject: Security ID:  SYSTEM Account Name:  HOST-005$ Account Domain:  HOST-006 Logon ID:  0x86d584    Network Information: Object Type:  File Source Address:  fe80::507a:5bf7:2a72:c046 Source Port:  55490 Share Information: Share Name: \\*\SYSVOL Share Path:  \??\C:\Windows\SYSVOL\sysvol Relative Target Name: example.com\Policies\{6AC1786C-016F-11D2-945F-00C04fB984F9}\Machine\Microsoft\Windows NT\Audit\audit.csv    Access Request Information: Access Mask:  0x120089 Accesses:  READ_CONTROL SYNCHRONIZE ReadData (or ListDirectory) ReadEA ReadAttributes Access Check Results: READ_CONTROL: Granted by Ownership SYNCHRONIZE: Granted by D:(A;;0x1200a9;;;WD) ReadData (or ListDirectory): Granted by D:(A;;0x1200a9;;;WD) ReadEA: Granted by D:(A;;0x1200a9;;;WD) ReadAttributes: Granted by D:(A;;0x1200a9;;;WD)	1
<14>Apr 08 09:16:27 LAB-OBJEC208 MSWinEventLog	1	Security	10208	Mon Apr 08 09:16:27 2024	5140	Microsoft-Windows-Security-Auditing	N/A	N/A	Success Audit	LAB-OBJEC208	File Share		A network share object was accessed.    Subject:    Security ID:  DOMAIN-FR\Administrator Account Name:  Administrator Account Domain:  DOMAIN-FR Logon ID:  0x74a739    Network Information:    Source Address:  192.168.100.40 Source Port:  65097    Share Name: \\*\TestShare	1
<14>Apr 08 09:16:28 LAB-OBJEC209 MSWinEventLog	1	Security	10209	Mon Apr 08 09:16:28 2024	5142	Microsoft-Windows-Security-Auditing	N/A	N/A	Success Audit	LAB-OBJEC209	File Share		A network share object was added. Subject: Security ID:  HOST-006\user011 Account Name:  user011 Account Domain:  HOST-006 Logon ID:  0x475b7    Share Information: Share Name:  \\*\TestAccounting Share Path:  C:\TestAccounting	1
<14>Apr 08 09:16:29 LAB-OBJEC210 MSWinEventLog	1	Security	10210	Mon Apr 08 09:16:29 2024	5143	Microsoft-Windows-Security-Auditing	N/A	N/A	Success Audit	LAB-OBJEC210	File Share		A network share object was modified. Subject: Security ID:  HOST-006\user011 Account Name:  user011 Account Domain:  HOST-006 Logon ID:  0x475b7    Share Information: Object Type:  Directory Share Name: \\*\TestAccounting Share Path:  C:\TestAccounting Old Remark:  N/A New Remark:  N/A Old MaxUsers:  0xffffffff New Maxusers:  0xffffffff Old ShareFlags:  0x0 New ShareFlags:  0x800 Old SD:   O:S-1-5-21-1850286605-2959700293-454930584-1104G:DUD:(A;OICI;FA;;;BA)(A;OICI;FA;;;WD) New SD:   O:S-1-5-21-1850286605-2959700293-454930584-1104G:DUD:(A;OICI;FA;;;BA)(A;OICI;FA;;;WD)	1
<14>Apr 08 09:16:30 LAB-OBJEC211 MSWinEventLog	1	Security	10211	Mon Apr 08 09:16:30 2024	5144	Microsoft-Windows-Security-Auditing	N/A	N/A	Failure Audit	LAB-OBJEC211	File Share		A network share object was deleted. Subject: Security ID:  HOST-006\user011 Account Name:  user011 Account Domain:  HOST-006 Logon ID:  0x475b7    Share Information: Share Name: \\*\TestAccounting Share Path:  C:\TestAccounting	1
<14>Apr 08 09:16:31 LAB-OBJEC212 MSWinEventLog	1	Security	10212	Mon Apr 08 09:16:31 2024	5168	Microsoft-Windows-Security-Auditing	N/A	N/A	Success Audit	LAB-OBJEC212	File Share		We have not been able to produce this event.	1
<14>Apr 08 09:16:34 LAB-OBJEC215 MSWinEventLog	1	Security	10215	Mon Apr 08 09:16:34 2024	4658	Microsoft-Windows-Security-Auditing	N/A	N/A	Success Audit	LAB-OBJEC215	File System		The handle to an object was closed. Subject : Security ID:  HOST-001\Administrator Account Name:  Administrator Account Domain:  HOST-001 Logon ID:  0x1fd23 Object: Object Server:  Security Handle ID:  0xb8 Process Information: Process ID:  0xed0 Process Name:  C:\Windows\System32\notepad.exe	1
<14>Apr 08 09:16:35 LAB-OBJEC216 MSWinEventLog	1	Security	10216	Mon Apr 08 09:16:35 2024	4659	Microsoft-Windows-Security-Auditing	N/A	N/A	Success Audit	LAB-OBJEC216	File System		A handle to an object was requested with intent to delete. Subject: Security ID:  %1 Account Name:  %2 Account Domain:  %3 Logon ID:  %4 Object: Object Server: %5 Object Type: %6 Object Name: %7 Handle ID: %8 Process Information: Process ID: %13 Access Request Information: Transaction ID: %9 Accesses: %10 Access Mask: %11 Privileges Used for Access Check: %12	1
<14>Apr 08 09:16:36 LAB-OBJEC217 MSWinEventLog	1	Security	10217	Mon Apr 08 09:16:36 2024	4660	Microsoft-Windows-Security-Auditing	N/A	N/A	Failure Audit	LAB-OBJEC217	File System		An object was deleted. Subject: Security ID:  HOST-001\Administrator Account Name:  Administrator Account Domain:  HOST-001 Logon ID:  0x1fd23 Object: Object Server: Security Handle ID: 0x40 Process Information: Process ID: 0xc34 Process Name: C:\Windows\System32\cmd.exe Transaction ID: {00000000-0000-0000-0000-000000000000}	1
<14>Apr 08 09:16:39 LAB-OBJEC220 MSWinEventLog	1	Security	10220	Mon Apr 08 09:16:39 2024	4664	Microsoft-Windows-Security-Auditing	N/A	N/A	Success Audit	LAB-OBJEC220	File System		An attempt was made to create a hard link. Subject: Account Name:  SYSTEM Account Name:  LABMS$ Account Domain:  LAB Logon ID:  0x3e7 Link Information: File Name: C:\Windows\winsxs\x86_microsoft-windows-ie-htmlrendering_31bf3856ad364e35_6.0.6001.18183_none_12ef96002267a3d0\mshtml.tlb Link Name: C:\Windows\System32\mshtml.tlb Transaction ID: {4185d0f7-d5b9-11dd-a7c2-000c29b41689}	1
<14>Apr 08 09:16:40 LAB-OBJEC221 MSWinEventLog	1	Security	10221	Mon Apr 08 09:16:40 2024	4670	Microsoft-Windows-Security-Auditing	N/A	N/A	Success Audit	LAB-OBJEC221	File System		File System example:    Permissions on an object were changed.    Subject:    Security ID:  HOST-001\Administrator Account Name:  Administrator Account Domain:  HOST-001 Logon ID:  0x1fd23    Object:    Object Server: Security Object Type: File Object Name: C:\Users\Administrator\testfolder\New Text    Document.txt Handle ID: 0x564    Process:    Process ID: 0x8c0 Process Name: C:\Windows\explorer.exe    Permissions Change:    Original Security Descriptor: D:PAI(A;;FA;;;LA)(A;;FA;;;SY)   (A;;FA;;;BA) New Security Descriptor: D:PARAI(A;;FA;;;SY)(A;;FA;;;BA)    Registry key example:    Permissions on an object were changed.    Subject:    Security ID:  DOMAIN\admin Account Name:  admin Account Domain:  DOMAIN Logon ID:  0x176293    Object:    Object Server: Security Object Type: Key Object Name: \REGISTRY\MACHINE\SOFTWARE\MTG Handle ID: 0x2c8    Process:    Process ID: 0x7e0 Process Name: C:\Windows\regedit.exe    Permissions Change:    Original Security Descriptor: D:AI(A;ID;KR;;;BU)(A;CIIOID;GR;;;BU)(A;ID;KA;;;BA)(A;CIIOID;GA;;;BA)(A;ID;KA;;;SY)(A;CIIOID;GA;;;SY)(A;CIIOID;GA;;;CO)    New Security Descriptor: D:ARAI(A;CI;KA;;;WD)(A;ID;KR;;;BU)(A;CIIOID;GR;;;BU)(A;ID;KA;;;BA)(A;CIIOID;GA;;;BA)(A;ID;KA;;;SY)(A;CIIOID;GA;;;SY)(A;CIIOID;GA;;;CO)	1
<14>Apr 08 09:16:41 LAB-OBJEC222 MSWinEventLog	1	Security	10222	Mon Apr 08 09:16:41 2024	4985	Microsoft-Windows-Security-Auditing	N/A	N/A	Success Audit	LAB-OBJEC222	File System		The state of a transaction has changed.    Subject:    Security ID:       SYSTEM Account Name:      HOST-001$ Account Domain:    WORKGROUP Logon ID:          0x3e7    Transaction Information:    RM Transaction ID: {7a1beac9-ab0f-11dc-a998-000c29fee385} New State:         48 Resource Manager:  {dbcb1457-a76f-11dc-ae5a-c74dbd19033c}    Process Information:    Process ID:        0xd98 Process Name:      C:\Windows\servicing\TrustedInstaller.exe	1
<14>Apr 08 09:16:42 LAB-OBJEC223 MSWinEventLog	1	Security	10223	Mon Apr 08 09:16:42 2024	5151	Microsoft-Windows-Security-Auditing	N/A	N/A	Success Audit	LAB-OBJEC223	Filtering Platform Connection		We have not been able to produce this event.	1
<14>Apr 08 09:16:43 LAB-OBJEC224 MSWinEventLog	1	Security	10224	Mon Apr 08 09:16:43 2024	5154	Microsoft-Windows-Security-Auditing	N/A	N/A	Success Audit	LAB-OBJEC224	Filtering Platform Connection		The Windows Filtering Platform has permitted an application or service to listen on a port for incoming connections.    Application Information:    Process ID:  1648 Application Name: \device\harddiskvolume1\windows\system32\dns.exe    Network Information:    Source Address:  10.42.42.223 Source Port:  53 Protocol:  6    Filter Information:    Filter Run-Time ID: 65884 Layer Name:  Listen Layer Run-Time ID: 40	1
<14>Apr 08 09:16:44 LAB-OBJEC225 MSWinEventLog	1	Security	10225	Mon Apr 08 09:16:44 2024	5155	Microsoft-Windows-Security-Auditing	N/A	N/A	Success Audit	LAB-OBJEC225	Filtering Platform Connection		The Windows Filtering Platform has blocked an application or service from listening on a port for incoming connections.    Application Information:    Process ID:  %1 Application Name: %2    Network Information:    Source Address:  %3 Source Port:  %4 Protocol:  %5    Filter Information:    Filter Run-Time ID: %6 Layer Name:  %7 Layer Run-Time ID: %8	1
<14>Apr 08 09:16:45 LAB-OBJEC226 MSWinEventLog	1	Security	10226	Mon Apr 08 09:16:45 2024	5156	Microsoft-Windows-Security-Auditing	N/A	N/A	Success Audit	LAB-OBJEC226	Filtering Platform Connection		The Windows Filtering Platform has allowed a connection.    Application Information:    Process ID:  1752 Application Name: \device\harddiskvolume1\windows\system32\dns.exe    Network Information:    Direction:  Inbound Source Address:  10.45.45.103 Source Port:  53 Destination Address: 10.45.45.103 Destination Port:  50146 Protocol:  17    Filter Information:    Filter Run-Time ID: 5 Layer Name:  Receive/Accept Layer Run-Time ID: 44	1
<14>Apr 08 09:16:46 LAB-OBJEC227 MSWinEventLog	1	Security	10227	Mon Apr 08 09:16:46 2024	5157	Microsoft-Windows-Security-Auditing	N/A	N/A	Success Audit	LAB-OBJEC227	Filtering Platform Connection		The Windows Filtering Platform has blocked a connection.    Application Information:    Process ID:          1224 Application Name:    \device\harddiskvolume1\windows\system32\svchost.exe    Network Information:    Direction:           Inbound Source Address:      224.0.0.252 Source Port:         5355 Destination Address: 10.45.45.102 Destination Port:    56927 Protocol:            17    Filter Information:    Filter Run-Time ID:  0 Layer Name:          Receive/Accept Layer Run-Time ID:   44	1
<14>Apr 08 09:16:47 LAB-OBJEC228 MSWinEventLog	1	Security	10228	Mon Apr 08 09:16:47 2024	5158	Microsoft-Windows-Security-Auditing	N/A	N/A	Success Audit	LAB-OBJEC228	Filtering Platform Connection		The Windows Filtering Platform has permitted a bind to a local port.    Application Information:    Process ID:  4 Application Name: System    Network Information:    Source Address:  :: Source Port:  3389 Protocol:  6    Filter Information:    Filter Run-Time ID: 0 Layer Name:  Resource Assignment Layer Run-Time ID: 38	1
<14>Apr 08 09:16:48 LAB-OBJEC229 MSWinEventLog	1	Security	10229	Mon Apr 08 09:16:48 2024	5159	Microsoft-Windows-Security-Auditing	N/A	N/A	Success Audit	LAB-OBJEC229	Filtering Platform Connection		The Windows Filtering Platform has blocked a bind to a local port.    Application Information:    Process ID:  592 Application Name: \device\harddiskvolume1\windows\system32  \lsass.exe    Network Information:    Source Address:  fe80::9516:1afb:3656:dab1 Source Port:  389 Protocol:  17    Filter Information:    Filter Run-Time ID: 0 Layer Name:  Resource Assignment Layer Run-Time ID: 38	1
<14>Apr 08 09:16:49 LAB-OBJEC230 MSWinEventLog	1	Security	10230	Mon Apr 08 09:16:49 2024	5031	Microsoft-Windows-Security-Auditing	N/A	N/A	Success Audit	LAB-OBJEC230	Filtering Platform Packet Drop		The Windows Firewall Service blocked an application from accepting incoming connections on the network.    Profiles:  Public Application:  C:\windows\system32\tcpsvcs.exe	1
<14>Apr 08 09:16:50 LAB-OBJEC231 MSWinEventLog	1	Security	10231	Mon Apr 08 09:16:50 2024	5152	Microsoft-Windows-Security-Auditing	N/A	N/A	Success Audit	LAB-OBJEC231	Filtering Platform Packet Drop		The Windows Filtering Platform blocked a packet.    Application Information:    Process ID:  1132 Application Name: \device\harddiskvolume1\windows\system32     \svchost.exe    Network Information:    Direction:  Inbound Source Address:  224.0.0.252 Source Port:  5355 Destination Address: 10.42.42.213 Destination Port:  56253 Protocol:  17    Filter Information:    Filter Run-Time ID: 0 Layer Name:  Receive/Accept Layer Run-Time ID: 44	1
<14>Apr 08 09:16:51 LAB-OBJEC232 MSWinEventLog	1	Security	10232	Mon Apr 08 09:16:51 2024	5153	Microsoft-Windows-Security-Auditing	N/A	N/A	Success Audit	LAB-OBJEC232	Filtering Platform Packet Drop		A more restrictive Windows Filtering Platform filter has blocked a packet. Application Information:    Process ID:  %1 Application Name: %2	1
<14>Apr 08 09:16:52 LAB-OBJEC233 MSWinEventLog	1	Security	10233	Mon Apr 08 09:16:52 2024	4690	Microsoft-Windows-Security-Auditing	N/A	N/A	Success Audit	LAB-OBJEC233	Handle Manipulation		An attempt was made to duplicate a handle to an object.    Subject:    Security ID:  DOMAIN\Administrator Account Name:  Administrator Account Domain:  DOMAIN Logon ID:  0x1f41e    Source Handle Information:    Source Handle ID: 0x858 Source Process ID: 0x1ac    New Handle Information:    Target Handle ID: 0x4c Target Process ID: 0x1ac	1
<14>Apr 08 09:16:53 LAB-OBJEC234 MSWinEventLog	1	Security	10234	Mon Apr 08 09:16:53 2024	4661	Microsoft-Windows-Security-Auditing	N/A	N/A	Success Audit	LAB-OBJEC234	Kernel Object		SAM example    A handle to an object was requested. Subject : Security ID:  DOMAIN-FR\admin Account Name:  admin Account Domain:  DOMAIN-FR Logon ID:  0x20f9d Object: Object Server: Security Account Manager Object Type: SAM_USER Object Name: S-1-5-21-1162742508-374458840-2482843958-500 Handle ID: 0x299db40 Process Information: Process ID: 0x234 Process Name: C:\Windows\System32\lsass.exe Access Request Information: Transaction ID: {00000000-0000-0000-0000-000000000000} Accesses: DELETE READ_CONTROL WRITE_DAC WRITE_OWNER ReadGeneralInformation ReadPreferences WritePreferences ReadLogon ReadAccount WriteAccount SetPassword (without knowledge of old password) ListGroups Access Mask: 0xf01bf Privileges Used for Access Check: - Properties: ===={bf967aba-0de6-11d0-a285-00aa003049e2} DELETE READ_CONTROL WRITE_DAC WRITE_OWNER ReadGeneralInformation ReadPreferences WritePreferences ReadLogon ReadAccount WriteAccount SetPassword (without knowledge of old password) ListGroups {59ba2f42-79a2-11d0-9020-00c04fc2d3cf} {bf967938-0de6-11d0-a285-00aa003049e2} {5fd42471-1262-11d0-a060-00aa006c33ed} {bf9679e8-0de6-11d0-a285-00aa003049e2} {bf967a00-0de6-11d0-a285-00aa003049e2} {3e0abfd0-126a-11d0-a060-00aa006c33ed} {bf967a6a-0de6-11d0-a285-00aa003049e2} {bf967953-0de6-11d0-a285-00aa003049e2} {4c164200-20c0-11d0-a768-00aa006e0529} {bf967915-0de6-11d0-a285-00aa003049e2} {bf967a0a-0de6-11d0-a285-00aa003049e2} {bf967a68-0de6-11d0-a285-00aa003049e2} {bf967a6d-0de6-11d0-a285-00aa003049e2} {5f202010-79a5-11d0-9020-00c04fc2d4cf} {bf96792e-0de6-11d0-a285-00aa003049e2} {bf967985-0de6-11d0-a285-00aa003049e2} {bf967986-0de6-11d0-a285-00aa003049e2} {bf967996-0de6-11d0-a285-00aa003049e2} {bf967997-0de6-11d0-a285-00aa003049e2} {bf9679aa-0de6-11d0-a285-00aa003049e2} {bf9679ab-0de6-11d0-a285-00aa003049e2} {bf9679ac-0de6-11d0-a285-00aa003049e2} {bf967a05-0de6-11d0-a285-00aa003049e2} {bf9679a8-0de6-11d0-a285-00aa003049e2} {e48d0154-bcf8-11d1-8702-00c04fb96050} {bf967950-0de6-11d0-a285-00aa003049e2} {bc0ac240-79a9-11d0-9020-00c04fc2d4cf} {bf967991-0de6-11d0-a285-00aa003049e2} {ab721a53-1e2f-11d0-9819-00aa0040529b} {00299570-246d-11d0-a768-00aa006e0529} {7ed84960-ad10-11d0-8a92-00aa006e0529} Restricted SID Count: 0    Active Directory example:    A handle to an object was requested. Subject : Security ID: DOMAIN-FR\admin Account Name: admin Account Domain: DOMAIN-FR Logon ID: 0x20f9d Object: Object Server: Security Account Manager Object Type: SAM_DOMAIN Object Name: DC=domain-fr,DC=local Handle ID: 0x12edf0 Process Information: Process ID: 0x234 Process Name: C:\Windows\System32\lsass.exe Access Request Information: Transaction ID: {00000000-0000-0000-0000-000000000000} Accesses: ListAccounts Access Mask: 0x100 Privileges Used for Access Check: - Properties: ---{bf967a90-0de6-11d0-a285-00aa003049e2} ListAccounts {280f369c-67c7-438e-ae98-1d46f3c6f541 Restricted SID Count: 0	1
<14>Apr 08 09:16:54 LAB-OBJEC235 MSWinEventLog	1	Security	10235	Mon Apr 08 09:16:54 2024	4671	Microsoft-Windows-Security-Auditing	N/A	N/A	Success Audit	LAB-OBJEC235	Other Object Access Events		An application attempted to access a blocked ordinal through the TBS.    Subject:    Security ID:  %1 Account Name:  %2 Account Domain:  %3 Logon ID:  %4    Ordinal: %5	1
<14>Apr 08 09:16:55 LAB-OBJEC236 MSWinEventLog	1	Security	10236	Mon Apr 08 09:16:55 2024	4698	Microsoft-Windows-Security-Auditing	N/A	N/A	Success Audit	LAB-OBJEC236	Other Object Access Events		A scheduled task was created.    Subject:    Security ID:  HOST-001\Administrator Account Name:  Administrator Account Domain:  HOST-001 Logon ID:  0x192a4    Task Information:    Task Name:   \NiteWork Task Content:   <?xml version="1.0" encoding="UTF-16"?> <Task version="1.2" xmlns=" http://schemas.microsoft.com/windows/2004/02/mit/task "> <RegistrationInfo> <Date>2007-12-14T13:46:47.34375</Date> <Author>HOST-001\Administrator</Author> </RegistrationInfo> <Triggers> <CalendarTrigger> <StartBoundary>2007-12-14T13:46:30.515625</StartBoundary> <Enabled>true</Enabled> <ScheduleByDay> <DaysInterval>1</DaysInterval> </ScheduleByDay> </CalendarTrigger> </Triggers> <Principals> <Principal id="Author"> <RunLevel>LeastPrivilege</RunLevel> <UserId>HOST-001\Administrator</UserId> <LogonType>InteractiveToken</LogonType> </Principal> </Principals> <Settings> <IdleSettings> <Duration>PT10M</Duration> <WaitTimeout>PT1H</WaitTimeout> <StopOnIdleEnd>true</StopOnIdleEnd> <RestartOnIdle>false</RestartOnIdle> </IdleSettings> <MultipleInstancesPolicy>IgnoreNew</MultipleInstancesPolicy> <DisallowStartIfOnBatteries>true</DisallowStartIfOnBatteries> <StopIfGoingOnBatteries>true</StopIfGoingOnBatteries> <AllowHardTerminate>true</AllowHardTerminate> <StartWhenAvailable>false</StartWhenAvailable> <RunOnlyIfNetworkAvailable>false</RunOnlyIfNetworkAvailable> <AllowStartOnDemand>true</AllowStartOnDemand> <Enabled>true</Enabled> <Hidden>false</Hidden> <RunOnlyIfIdle>false</RunOnlyIfIdle> <WakeToRun>false</WakeToRun> <ExecutionTimeLimit>P3D</ExecutionTimeLimit> <Priority>7</Priority> </Settings> <Actions Context="Author"> <ShowMessage> <Title>NiteWork</Title> <Body>NiteWork has started</Body> </ShowMessage> </Actions> </Task> :	1
<14>Apr 08 09:16:56 LAB-OBJEC237 MSWinEventLog	1	Security	10237	Mon Apr 08 09:16:56 2024	4699	Microsoft-Windows-Security-Auditing	N/A	N/A	Failure Audit	LAB-OBJEC237	Other Object Access Events		A scheduled task was deleted.    Subject:    Security ID:  HOST-001\Administrator Account Name:  Administrator Account Domain:  HOST-001 Logon ID:  0x192a4    Task Information:    Task Name:   \NiteWork Task Content:   <?xml version="1.0" encoding="UTF-16"?> <Task version="1.2" xmlns=" http://schemas.microsoft.com/windows/2004/02/mit/task "> <RegistrationInfo> <Date>2007-12-14T13:46:47.34375</Date> <Author>HOST-001\Administrator</Author> <Description>Kick of night jobs</Description> </RegistrationInfo> <Triggers> <CalendarTrigger> <StartBoundary>2007-12-14T13:46:30.515625</StartBoundary> <Enabled>true</Enabled> <ScheduleByDay> <DaysInterval>1</DaysInterval> </ScheduleByDay> </CalendarTrigger> </Triggers> <Principals> <Principal id="Author"> <RunLevel>LeastPrivilege</RunLevel> <UserId>HOST-001\Administrator</UserId> <LogonType>InteractiveToken</LogonType> </Principal> </Principals> <Settings> <IdleSettings> <StopOnIdleEnd>true</StopOnIdleEnd> <RestartOnIdle>false</RestartOnIdle> </IdleSettings> <MultipleInstancesPolicy>IgnoreNew</MultipleInstancesPolicy> <DisallowStartIfOnBatteries>true</DisallowStartIfOnBatteries> <StopIfGoingOnBatteries>true</StopIfGoingOnBatteries> <AllowHardTerminate>true</AllowHardTerminate> <StartWhenAvailable>false</StartWhenAvailable> <RunOnlyIfNetworkAvailable>false</RunOnlyIfNetworkAvailable> <AllowStartOnDemand>true</AllowStartOnDemand> <Enabled>false</Enabled> <Hidden>false</Hidden> <RunOnlyIfIdle>false</RunOnlyIfIdle> <WakeToRun>false</WakeToRun> <ExecutionTimeLimit>P3D</ExecutionTimeLimit> <Priority>7</Priority> </Settings> <Actions Context="Author"> <ShowMessage> <Title>NiteWork</Title> <Body>NiteWork has started</Body> </ShowMessage> </Actions> </Task>	1
<14>Apr 08 09:16:57 LAB-OBJEC238 MSWinEventLog	1	Security	10238	Mon Apr 08 09:16:57 2024	4700	Microsoft-Windows-Security-Auditing	N/A	N/A	Success Audit	LAB-OBJEC238	Other Object Access Events		A scheduled task was enabled.    Subject:    Security ID:  HOST-001\Administrator Account Name:  Administrator Account Domain:  HOST-001 Logon ID:  0x192a4    Task Information:    Task Name:   \NiteWork Task Content:   <?xml version="1.0" encoding="UTF-16"?> <Task version="1.2" xmlns=" http://schemas.microsoft.com/windows/2004/02/mit/task "> <RegistrationInfo> <Date>2007-12-14T13:46:47.34375</Date> <Author>HOST-001\Administrator</Author> <Description>Kick of night jobs</Description> </RegistrationInfo> <Triggers> <CalendarTrigger> <StartBoundary>2007-12-14T13:46:30.515625</StartBoundary> <Enabled>true</Enabled> <ScheduleByDay> <DaysInterval>1</DaysInterval> </ScheduleByDay> </CalendarTrigger> </Triggers> <Principals> <Principal id="Author"> <RunLevel>LeastPrivilege</RunLevel> <UserId>HOST-001\Administrator</UserId> <LogonType>InteractiveToken</LogonType> </Principal> </Principals> <Settings> <IdleSettings> <StopOnIdleEnd>true</StopOnIdleEnd> <RestartOnIdle>false</RestartOnIdle> </IdleSettings> <MultipleInstancesPolicy>IgnoreNew</MultipleInstancesPolicy> <DisallowStartIfOnBatteries>true</DisallowStartIfOnBatteries> <StopIfGoingOnBatteries>true</StopIfGoingOnBatteries> <AllowHardTerminate>true</AllowHardTerminate> <StartWhenAvailable>false</StartWhenAvailable> <RunOnlyIfNetworkAvailable>false</RunOnlyIfNetworkAvailable> <AllowStartOnDemand>true</AllowStartOnDemand> <Enabled>true</Enabled> <Hidden>false</Hidden> <RunOnlyIfIdle>false</RunOnlyIfIdle> <WakeToRun>false</WakeToRun> <ExecutionTimeLimit>P3D</ExecutionTimeLimit> <Priority>7</Priority> </Settings> <Actions Context="Author"> <ShowMessage> <Title>NiteWork</Title> <Body>NiteWork has started</Body> </ShowMessage> </Actions> </Task>	1
<14>Apr 08 09:16:58 LAB-OBJEC239 MSWinEventLog	1	Security	10239	Mon Apr 08 09:16:58 2024	4701	Microsoft-Windows-Security-Auditing	N/A	N/A	Failure Audit	LAB-OBJEC239	Other Object Access Events		A scheduled task was disabled.    Subject:    Security ID:  DOMAIN\admin Account Name:  admin Account Domain:  DOMAIN Logon ID:  0x9d0fd3    Task Information:    Task Name:   \aqwer Task Content:   <?xml version="1.0" encoding="UTF-16"?> <Task version="1.2" xmlns=" http://schemas.microsoft.com/windows/2004/02/mit/task "> <RegistrationInfo> <Date>2007-12-24T16:02:52.4578034</Date> <Author>DOMAIN\admin</Author> </RegistrationInfo> <Triggers> <CalendarTrigger> <StartBoundary>2007-12-24T16:02:43.7077474</StartBoundary> <Enabled>true</Enabled> <ScheduleByDay> <DaysInterval>1</DaysInterval> </ScheduleByDay> </CalendarTrigger> </Triggers> <Principals> <Principal id="Author"> <RunLevel>LeastPrivilege</RunLevel> <UserId>DOMAIN\admin</UserId> <LogonType>InteractiveToken</LogonType> </Principal> </Principals> <Settings> <IdleSettings> <Duration>PT10M</Duration> <WaitTimeout>PT1H</WaitTimeout> <StopOnIdleEnd>true</StopOnIdleEnd> <RestartOnIdle>false</RestartOnIdle> </IdleSettings> <MultipleInstancesPolicy>IgnoreNew</MultipleInstancesPolicy> <DisallowStartIfOnBatteries>true</DisallowStartIfOnBatteries> <StopIfGoingOnBatteries>true</StopIfGoingOnBatteries> <AllowHardTerminate>true</AllowHardTerminate> <StartWhenAvailable>false</StartWhenAvailable> <RunOnlyIfNetworkAvailable>false</RunOnlyIfNetworkAvailable> <AllowStartOnDemand>true</AllowStartOnDemand> <Enabled>false</Enabled> <Hidden>false</Hidden> <RunOnlyIfIdle>false</RunOnlyIfIdle> <WakeToRun>false</WakeToRun> <ExecutionTimeLimit>P3D</ExecutionTimeLimit> <Priority>7</Priority> </Settings> <Actions Context="Author"> <ShowMessage> <Title>asdf</Title> <Body>asfd</Body> </ShowMessage> </Actions> </Task>	1
<14>Apr 08 09:16:59 LAB-OBJEC240 MSWinEventLog	1	Security	10240	Mon Apr 08 09:16:59 2024	4702	Microsoft-Windows-Security-Auditing	N/A	N/A	Success Audit	LAB-OBJEC240	Other Object Access Events		A scheduled task was updated.    Subject:    Security ID:  HOST-001\Administrator Account Name:  Administrator Account Domain:  HOST-001 Logon ID:  0x192a4    Task Information:    Task Name:   \NiteWork Task New Content:   <?xml version="1.0" encoding="UTF-16"?> <Task version="1.2" xmlns=" http://schemas.microsoft.com/windows/2004/02/mit/task "> <RegistrationInfo> <Date>2007-12-14T13:46:47.34375</Date> <Author>HOST-001\Administrator</Author> <Description>Kick of night jobs</Description> </RegistrationInfo> <Triggers> <CalendarTrigger> <StartBoundary>2007-12-14T13:46:30.515625</StartBoundary> <Enabled>true</Enabled> <ScheduleByDay> <DaysInterval>1</DaysInterval> </ScheduleByDay> </CalendarTrigger> </Triggers> <Principals> <Principal id="Author"> <RunLevel>LeastPrivilege</RunLevel> <UserId>HOST-001\Administrator</UserId> <LogonType>InteractiveToken</LogonType> </Principal> </Principals> <Settings> <IdleSettings> <StopOnIdleEnd>true</StopOnIdleEnd> <RestartOnIdle>false</RestartOnIdle> </IdleSettings> <MultipleInstancesPolicy>IgnoreNew</MultipleInstancesPolicy> <DisallowStartIfOnBatteries>true</DisallowStartIfOnBatteries> <StopIfGoingOnBatteries>true</StopIfGoingOnBatteries> <AllowHardTerminate>true</AllowHardTerminate> <StartWhenAvailable>false</StartWhenAvailable> <RunOnlyIfNetworkAvailable>false</RunOnlyIfNetworkAvailable> <AllowStartOnDemand>true</AllowStartOnDemand> <Enabled>false</Enabled> <Hidden>false</Hidden> <RunOnlyIfIdle>false</RunOnlyIfIdle> <WakeToRun>false</WakeToRun> <ExecutionTimeLimit>P3D</ExecutionTimeLimit> <Priority>7</Priority> </Settings> <Actions Context="Author"> <ShowMessage> <Title>NiteWork</Title> <Body>NiteWork has started</Body> </ShowMessage> </Actions> </Task>	1
<14>Apr 08 09:16:00 LAB-OBJEC241 MSWinEventLog	1	Security	10241	Mon Apr 08 09:16:00 2024	5148	Microsoft-Windows-Security-Auditing	N/A	N/A	Success Audit	LAB-OBJEC241	Other Object Access Events		We have not yet produced this event	1
<14>Apr 08 09:16:01 LAB-OBJEC242 MSWinEventLog	1	Security	10242	Mon Apr 08 09:16:01 2024	5149	Microsoft-Windows-Security-Auditing	N/A	N/A	Success Audit	LAB-OBJEC242	Other Object Access Events		We have not yet produced this event.	1
<14>Apr 08 09:16:02 LAB-OBJEC243 MSWinEventLog	1	Security	10243	Mon Apr 08 09:16:02 2024	5888	Microsoft-Windows-Security-Auditing	N/A	N/A	Success Audit	LAB-OBJEC243	Other Object Access Events		An object in the COM+ Catalog was modified.    Subject:    Security ID:  %1 Account Name:  %2 Account Domain:  %3 Logon ID:  %4    Object:    COM+ Catalog Collection: %5 Object Name:   %6 Object Properties Modified: %7	1
<14>Apr 08 09:16:03 LAB-OBJEC244 MSWinEventLog	1	Security	10244	Mon Apr 08 09:16:03 2024	5889	Microsoft-Windows-Security-Auditing	N/A	N/A	Failure Audit	LAB-OBJEC244	Other Object Access Events		An object was deleted from the COM+ Catalog.    Subject:    Security ID:  %1 Account Name:  %2 Account Domain:  %3 Logon ID:  %4    Object:    COM+ Catalog Collection: %5 Object Name:   %6 Object Details:   %7 This event occurs when an object is deleted from the COM+ catalog.	1
<14>Apr 08 09:16:04 LAB-OBJEC245 MSWinEventLog	1	Security	10245	Mon Apr 08 09:16:04 2024	4657	Microsoft-Windows-Security-Auditing	N/A	N/A	Success Audit	LAB-OBJEC245	Registry		New Value Example:    A registry value was modified. Subject: Security ID:  DOMAIN\admin Account Name:  admin Account Domain:  DOMAIN Logon ID:  0x176293 Object: Object Name:  \REGISTRY\MACHINE\SOFTWARE\MTG Object Value Name: Path Handle ID:  0x124 Operation Type:  New registry value created Process Information: Process ID:  0x8d4 Process Name:  C:\Windows\regedit.exe Change Information: Old Value Type:  - Old Value:  - New Value Type:  REG_SZ New Value:    Value modified:    A registry value was modified. Subject: Security ID:  DOMAIN\admin Account Name:  admin Account Domain:  DOMAIN Logon ID:  0x176293 Object: Object Name:  \REGISTRY\MACHINE\SOFTWARE\MTG Object Value Name: Path Handle ID:  0x124 Operation Type:  Existing registry value modified Process Information: Process ID:  0x8d4 Process Name:  C:\Windows\regedit.exe Change Information: Old Value Type:  REG_SZ Old Value: New Value Type:  REG_SZ New Value:  c:\data    Value deleted:    A registry value was modified. Subject: Security ID:  DOMAIN\admin Account Name:  admin Account Domain:  DOMAIN Logon ID:  0x176293 Object: Object Name:  \REGISTRY\MACHINE\SOFTWARE\MTG Object Value Name: Path Handle ID:  0x124 Operation Type:  Registry value deleted Process Information: Process ID:  0x8d4 Process Name:  C:\Windows\regedit.exe Change Information: Old Value Type:  REG_SZ Old Value:  c:\data New Value Type:  - New Value:  -	1
<14>Apr 08 09:16:32 LAB-OBJEC213 MSWinEventLog	1	Security	10213	Mon Apr 08 09:16:32 2024	4656	Microsoft-Windows-Security-Auditing	N/A	N/A	Success Audit	LAB-OBJEC213	File System		File example:    A handle to an object was requested. Subject: Security ID:  HOST-001\admin Account Name:  admin Account Domain:  HOST-001 Logon ID:  0x1fd23 Object: Object Server:  Security Object Type:  File Object Name:  C:\Users\admin\testfolder\New Text Document.txt Handle ID:  0xb8 Process Information: Process ID:  0xed0 Process Name:  C:\Windows\System32\notepad.exe Access Request Information: Transaction ID:  {00000000-0000-0000-0000-000000000000} Accesses:  READ_CONTROL SYNCHRONIZE ReadData (or ListDirectory) ReadEA ReadAttributes   Access Mask:  0x120089 Privileges Used for Access Check: - Restricted SID Count: 0    Registry Key Example:    A handle to an object was requested. Subject: Security ID:  DOMAIN\admin Account Name:  admin Account Domain:  DOMAIN Logon ID:  0x176293 Object: Object Server:  Security Object Type:  Key Object Name:  \REGISTRY\MACHINE\SOFTWARE\MTG Handle ID:  0x124 Process Information: Process ID:  0x8d4 Process Name:  C:\Windows\regedit.exe Access Request Information: Transaction ID:  {00000000-0000-0000-0000-000000000000} Accesses:  DELETE READ_CONTROL WRITE_DAC WRITE_OWNER Query key value Set key value Create sub-key Enumerate sub-keys Notify about changes to keys Create Link Access Mask:  0xf003f Privileges Used for Access Check: - Restricted SID Count: 0	1
