<14>Apr 08 09:16:37 LAB-OBJEC218 MSWinEventLog	1	Security	10218	Mon Apr 08 09:16:37 2024	4663	Microsoft-Windows-Security-Auditing	N/A	N/A	Success Audit	LAB-OBJEC218	File System		File example:    An attempt was made to access an object. Subject: Security ID:  DOMAIN\admin Account Name:  admin Account Domain:  DOMAIN Logon ID:  0x1f41e Object: Object Server: Security Object Type: File Object Name: C:\sharedFiles\TestFile.txt Handle ID: 0x40 Process Information: Process ID: 0x1ac Process Name: C:\Windows\System32\cmd.exe Access Request Information: Accesses: DELETE Access Mask: 0x10000    Registry key example:    An attempt was made to access an object. Subject: Security ID:  DOMAIN\admin Account Name:  admin Account Domain:  DOMAIN Logon ID:  0x176293 Object: Object Server: Security Object Type: Key Object Name: \REGISTRY\MACHINE\SOFTWARE\MTG Handle ID: 0x124 Process Information: Process ID: 0x8d4 Process Name: C:\Windows\regedit.exe Access Request Information: Accesses: Set key value Access Mask: 0x2	1
<14>Apr 08 09:16:33 LAB-OBJEC214 MSWinEventLog	1	Security	10214	Mon Apr 08 09:16:33 2024	4656	Microsoft-Windows-Security-Auditing	N/A	N/A	Success Audit	LAB-OBJEC214	File System		A handle to an object was requested. Subject: Security ID: DOMAIN\admin Account Name: admin Account Domain: DOMAIN Logon ID: 0x3DE02 Object: Object Server: Security Object Type: File Object Name: C:\asdf\New Text Document.txt Handle ID: 0x178 Resource Attributes: S:AI(RA;ID;;;;WD;("Project_MS",TS,0x10020,"Transmogrifier")) Process ID: 0x113c Process Name: C:\Windows\System32\notepad.exe    Access Request Information: Transaction ID: {00000000-0000-0000-0000-000000000000} Accesses: READ_CONTROL SYNCHRONIZE ReadData (or ListDirectory) WriteData (or AddFile) AppendData (or AddSubdirectory or CreatePipeInstance) ReadEA WriteEA ReadAttributes WriteAttributes Access Reasons: READ_CONTROL: Granted by Ownership SYNCHRONIZE: Granted by D:(A;ID;FA;;;BA) ReadData (or ListDirectory): Granted by D:(A;ID;FA;;;BA) WriteData (or AddFile): Granted by D:(A;ID;FA;;;BA) AppendData (or AddSubdirectory or CreatePipeInstance): Granted by D:    (A;ID;FA;;;BA) ReadEA: Granted by D:(A;ID;FA;;;BA) WriteEA: Granted by D:(A;ID;FA;;;BA) ReadAttributes: Granted by D:(A;ID;FA;;;BA) WriteAttributes: Granted by D:(A;ID;FA;;;BA) Access Mask: 0x12019F Privileges Used for Access Check: - Restricted SID Count: 0	1
<14>Apr 08 09:16:38 LAB-OBJEC219 MSWinEventLog	1	Security	10219	Mon Apr 08 09:16:38 2024	4663	Microsoft-Windows-Security-Auditing	N/A	N/A	Success Audit	LAB-OBJEC219	File System		An attempt was made to access an object.    Subject: Security ID: DOMAIN\admin Account Name: admin Account Domain: DOMAIN Logon ID: 0x3DE02    Object: Object Server: Security Object Type: File Object Name: C:\asdf\New Text Document.txt Handle ID: 0x178 Resource Attributes: S:AI    Process Information: Process ID: 0x113c Process Name: C:\Windows\System32\notepad.exe    Access Request Information: Accesses: WriteData (or AddFile) AppendData (or AddSubdirectory or CreatePipeInstance) Access Mask: 0x6	1
