<14>Dec 03 14:25:10 LAB-PROCE328 MSWinEventLog	1	Security	10328	Tue Dec 03 14:25:10 2024	4692	Microsoft-Windows-Security-Auditing	N/A	N/A	Success Audit	LAB-PROCE328	DPAPI Activity		Backup of data protection master key was attempted.    Subject:    Security ID:  %1 Account Name:  %2 Account Domain:  %3 Logon ID:  %4    Key Information:    Key Identifier: %5 Recovery Server: %6 Recovery Key ID: %7    Status Information:    Status Code: %8	1
<14>Dec 03 14:25:13 LAB-PROCE329 MSWinEventLog	1	Security	10329	Tue Dec 03 14:25:13 2024	4693	Microsoft-Windows-Security-Auditing	N/A	N/A	Success Audit	LAB-PROCE329	DPAPI Activity		Recovery of data protection master key was attempted.	1
<14>Dec 03 14:25:16 LAB-PROCE330 MSWinEventLog	1	Security	10330	Tue Dec 03 14:25:16 2024	4694	Microsoft-Windows-Security-Auditing	N/A	N/A	Success Audit	LAB-PROCE330	DPAPI Activity		Protection of auditable protected data was attempted.	1
<14>Dec 03 14:25:19 LAB-PROCE331 MSWinEventLog	1	Security	10331	Tue Dec 03 14:25:19 2024	4695	Microsoft-Windows-Security-Auditing	N/A	N/A	Success Audit	LAB-PROCE331	DPAPI Activity		Unprotection of auditable protected data was attempted.    Subject:    Security ID:  WIN-R9H529RIO4Y\Administrator Account Name:  Administrator Account Domain:  WIN-R9H529RIO4Y Logon ID:  0x192a4    Protected Data:    Data Description: AntiPhishing filter DAT file verification Key Identifier: ec9796fd-fa87-460d-8bf2-25e0a01ddf82 Protected Data Flags: 0x0 Protection Algorithms: 3DES-168 , SHA1-160    Status Information:    Status Code: 0x8009000b	1
<14>Dec 03 14:25:22 LAB-PROCE332 MSWinEventLog	1	Security	10332	Tue Dec 03 14:25:22 2024	6416	Microsoft-Windows-Security-Auditing	N/A	N/A	Success Audit	LAB-PROCE332	Plug and Play		A new external device was recognized by the system. Subject: Security ID:		SYSTEM Account Name:		RFSOFFICEPC-249$ Account Domain:		LAB Logon ID:		0x3E7 Device ID:	USB\VID_045E&PID_07A5\5&521a615&0&13 Device Name:	Microsoft Mouse and Keyboard Detection Driver (USB) Class ID:		{36fc9e60-c465-11cf-8056-444553540000} Class Name:	USB Vendor IDs: USB\VID_045E&PID_07A5&REV_0767 USB\VID_045E&PID_07A5 Compatible IDs: USB\DevClass_00&SubClass_00&Prot_00 USB\DevClass_00&SubClass_00 USB\DevClass_00 USB\COMPOSITE Location Information: Port_#0013.Hub_#0002	1
<14>Apr 08 09:16:33 LAB-PROCE334 MSWinEventLog	1	Security	10334	Mon Apr 08 09:16:33 2024	6419	Microsoft-Windows-Security-Auditing	N/A	N/A	Success Audit	LAB-PROCE334	Plug and Play		A request was made to disable a device.    Subject: Security ID:     AzureAD\BarryVista Account Name:     BarryVista Account Domain:     AzureAD Logon ID:     0x833A8 Device ID: PCISTOR\DISK&VEN_RSPER&PROD_RTS5208LUN0&REV_1.00\0000 Device Name: SDXC Card Class ID: {4d36e967-e325-11ce-bfc1-08002be10318} Class Name: DiskDrive Hardware IDs: RSPCIESTOR\GenDisk GenDisk Compatible IDs: SCSI\Disk    Location Information: -    These events are logged for all devices we tested – not just USB devices.	1
<14>Apr 08 09:16:34 LAB-PROCE335 MSWinEventLog	1	Security	10335	Mon Apr 08 09:16:34 2024	6420	Microsoft-Windows-Security-Auditing	N/A	N/A	Failure Audit	LAB-PROCE335	Plug and Play		A device was disabled.    Subject: Security ID:		SYSTEM Account Name:		DESKTOP-3PNSS2S$ Account Domain:		WORKGROUP Logon ID:		0x3E7 Device ID:	PCISTOR\Disk&Ven_RSPER&Prod_RTS5208LUN0&Rev_1.00\0000 Device Name:	SDXC Card Class ID:		{4d36e967-e325-11ce-bfc1-08002be10318} Class Name:	DiskDrive Hardware IDs: RSPCIESTOR\GenDisk GenDisk Compatible IDs: SCSI\Disk Location Information: -	1
<14>Apr 08 09:16:35 LAB-PROCE336 MSWinEventLog	1	Security	10336	Mon Apr 08 09:16:35 2024	6421	Microsoft-Windows-Security-Auditing	N/A	N/A	Success Audit	LAB-PROCE336	Plug and Play		A request was made to enable a device. Subject: Security ID:		AzureAD\BarryVista Account Name:		BarryVista Account Domain:		AzureAD Logon ID:		0x833A8 Device ID:	PCISTOR\DISK&VEN_RSPER&PROD_RTS5208LUN0&REV_1.00\0000 Device Name:	SDXC Card Class ID:		{4d36e967-e325-11ce-bfc1-08002be10318} Class Name:	DiskDrive Hardware IDs: RSPCIESTOR\GenDisk GenDisk Compatible IDs: SCSI\Disk Location Information:	-	1
<14>Apr 08 09:16:36 LAB-PROCE337 MSWinEventLog	1	Security	10337	Mon Apr 08 09:16:36 2024	6422	Microsoft-Windows-Security-Auditing	N/A	N/A	Success Audit	LAB-PROCE337	Plug and Play		A device was enabled.    Subject: Security ID:		SYSTEM Account Name:		DESKTOP-3PNSS2S$ Account Domain:		WORKGROUP Logon ID:		0x3E7 Device ID:	PCISTOR\Disk&Ven_RSPER&Prod_RTS5208LUN0&Rev_1.00\0000 Device Name:	SDXC Card Class ID:		{4d36e967-e325-11ce-bfc1-08002be10318} Class Name:	DiskDrive Hardware IDs: RSPCIESTOR\GenDisk GenDisk Compatible IDs: SCSI\Disk Location Information: -	1
<14>Apr 08 09:16:37 LAB-PROCE338 MSWinEventLog	1	Security	10338	Mon Apr 08 09:16:37 2024	6423	Microsoft-Windows-Security-Auditing	N/A	N/A	Success Audit	LAB-PROCE338	Plug and Play		The installation of this device is forbidden by system policy. Subject: Security ID: 		 SYSTEM Account Name: 		 DESKTOP-3PNSS2S$ Account Domain: 		 WORKGROUP Logon ID: 		 0x3E7 Device ID: 	 PCISTOR\DISK&VEN_RSPER&PROD_RTS5208LUN0&REV_1.00\0000 Device Name: 	 Disk drive Class ID: 		 {00000000-0000-0000-0000-000000000000} Class Name: Hardware IDs: RSPCIESTOR\GenDisk GenDisk Compatible IDs: SCSI\Disk Location Information: 	 -	1
<14>Apr 08 09:16:38 LAB-PROCE339 MSWinEventLog	1	Security	10339	Mon Apr 08 09:16:38 2024	6424	Microsoft-Windows-Security-Auditing	N/A	N/A	Success Audit	LAB-PROCE339	Plug and Play		The installation of this device was allowed, after having previously been forbidden by policy. Subject: Security ID: 		 SYSTEM Account Name: 		 DESKTOP-3PNSS2S$ Account Domain: 		 WORKGROUP Logon ID: 		 0x3E7 Device ID: 	 PCISTOR\DISK&VEN_RSPER&PROD_RTS5208LUN0&REV_1.00\0000 Device Name: 	 Disk drive Class ID: 		 {00000000-0000-0000-0000-000000000000} Class Name: Hardware IDs: RSPCIESTOR\GenDisk GenDisk Compatible IDs: SCSI\Disk Location Information: 	 -	1
<14>Apr 08 09:16:41 LAB-PROCE342 MSWinEventLog	1	Security	10342	Mon Apr 08 09:16:41 2024	4696	Microsoft-Windows-Security-Auditing	N/A	N/A	Success Audit	LAB-PROCE342	Process Creation		A primary token was assigned to process.    Subject:    Security ID:  SYSTEM Account Name:  WIN-R9H529RIO4Y$ Account Domain:  WORKGROUP Logon ID:  0x3e7    Process Information:    Process ID: 0x2e8 Process Name: C:\Windows\System32\svchost.exe    Target Process:    Target Process ID: 0x7e8 Target Process Name: C:\Windows\System32\wbem\WmiPrvSE.exe    New Token Information:    Security ID:  SYSTEM Account Name:  WIN-R9H529RIO4Y$ Account Domain:  WORKGROUP Logon ID:  0x3e7	1
<14>Apr 08 09:16:42 LAB-PROCE343 MSWinEventLog	1	Security	10343	Mon Apr 08 09:16:42 2024	4689	Microsoft-Windows-Security-Auditing	N/A	N/A	Success Audit	LAB-PROCE343	Process Termination		A process has exited.    Subject:    Security ID:  WIN-R9H529RIO4Y\Administrator Account Name:  Administrator Account Domain:  WIN-R9H529RIO4Y Logon ID:  0x1fd23    Process Information:    Process ID: 0xed0 Process Name: C:\Windows\System32\notepad.exe Exit Status: 0x0	1
<14>Apr 08 09:16:43 LAB-PROCE344 MSWinEventLog	1	Security	10344	Mon Apr 08 09:16:43 2024	4816	Microsoft-Windows-Security-Auditing	N/A	N/A	Success Audit	LAB-PROCE344	RPC Events		RPC detected an integrity violation while decrypting an incoming message.    Peer Name: %1 Protocol Sequence: %2 Security Error: %3	1
<14>Apr 08 09:16:44 LAB-PROCE345 MSWinEventLog	1	Security	10345	Mon Apr 08 09:16:44 2024	5712	Microsoft-Windows-Security-Auditing	N/A	N/A	Success Audit	LAB-PROCE345	RPC Events		A Remote Procedure Call (RPC) was attempted.    Subject:    SID:   %1 Name:   %2 Account Domain:  %3 LogonId:  %4    Process Information:    PID:   %5 Name:   %6    Network Information:    Remote IP Address: %7 Remote Port:  %8    RPC Attributes:    Interface UUID:  %9 OpNum:  %13 Protocol Sequence: %10 Authentication Service: %11 Authentication Level: %12	1
<14>Apr 08 09:16:32 LAB-PROCE333 MSWinEventLog	1	Security	10333	Mon Apr 08 09:16:32 2024	6416	Microsoft-Windows-Security-Auditing	N/A	N/A	Success Audit	LAB-PROCE333	Plug and Play		A new external device was recognized by the system. Subject: Security ID:		SYSTEM Account Name:		HOST-004$ Account Domain:		WORKGROUP Logon ID:		0x3E7 Class ID:		{4d36e967-e325-11ce-bfc1-08002be10318} Vendor IDs: USBSTOR\DiskTestDevice____KS15 USBSTOR\DiskTestDevice____ USBSTOR\DiskKingston USBSTOR\TestDevice____K TestDevice____K USBSTOR\GenDisk GenDisk Compatible IDs: USBSTOR\Disk USBSTOR\RAW GenDisk Location Information:	1
<14>Apr 08 09:16:39 DOMAIN-PROCE340 MSWinEventLog	1	Security	10340	Mon Apr 08 09:16:39 2024	4688	Microsoft-Windows-Security-Auditing	N/A	N/A	Success Audit	DOMAIN-PROCE340	Process Creation		A new process has been created.    Creator Subject: Security ID:  SYSTEM Account Name:  HOST-008$ Account Domain:  DOMAIN Logon ID:  0x3E7    Target Subject: Security ID:  DOMAIN\user010 Account Name:  user010 Account Domain:  DOMAIN Logon ID:  0x2C9D82    Process Information: New Process ID:  0x2e0e4 New Process Name: C:\Windows\System32\RuntimeBroker.exe Token Elevation Type: %%1938 Mandatory Label:  Mandatory Label\Medium Mandatory Level Creator Process ID: 0x268 Creator Process Name: C:\Windows\System32\svchost.exe Process Command Line:	1
<14>Apr 08 09:16:40 DOMAIN-PROCE341 MSWinEventLog	1	Security	10341	Mon Apr 08 09:16:40 2024	4688	Microsoft-Windows-Security-Auditing	N/A	N/A	Success Audit	DOMAIN-PROCE341	Process Creation		A new process has been created.    Subject:    Security ID:  HOST-001\admin Account Name:  admin Account Domain:  HOST-001 Logon ID:  0x1fd23    Process Information:    New Process ID:  0xed0 New Process Name: C:\Windows\System32\notepad.exe Token Elevation Type: TokenElevationTypeDefault (1) Mandatory Label: Mandatory Label\Medium Mandatory Level Creator Process ID: 0x8c0 Creator Process Name: c:\windows\system32\explorer.exe Process Command Line: C:\Windows\System32\notepad.exe c:\sys\junk.txt    Token Elevation Type indicates the type of token that was assigned to the new process in accordance with User Account Control policy.    Type 1 is a full token with no privileges removed or groups disabled.  A full token is only used if User Account Control is disabled or if the user is the built-in admin account or a service account.    Type 2 is an elevated token with no privileges removed or groups disabled.  An elevated token is used when User Account Control is enabled and the user chooses to start the program using Run as administrator.  An elevated token is also used when an application is configured to always require administrative privilege or to always require maximum privilege, and the user is a member of the admins group.    Type 3 is a limited token with administrative privileges removed and administrative groups disabled.  The limited token is used when User Account Control is enabled, the application does not require administrative privilege, and the user does not choose to start the program using Run as administrator.    Your browser does not support video    Download Supercharger Free	1
